[main] INFO com.ibm.eventstreams.demos.mm2.ConsumerApplication - -------------------------------------------------------------
[main] INFO com.ibm.eventstreams.demos.mm2.ConsumerApplication - Config:
[main] INFO com.ibm.eventstreams.demos.mm2.ConsumerApplication - -------------------------------------------------------------
[main] INFO com.ibm.eventstreams.demos.mm2.ConsumerApplication - Bootstrap server: eu-eventstreams-kafka-bootstrap.europe.svc:9098
[main] INFO com.ibm.eventstreams.demos.mm2.ConsumerApplication - Group id: consumer-southamerica
[main] INFO com.ibm.eventstreams.demos.mm2.ConsumerApplication - Auto commit interval: 10000 ms
[main] INFO com.ibm.eventstreams.demos.mm2.ConsumerApplication - Topics pattern: LH\..*
[main] INFO com.ibm.eventstreams.demos.mm2.ConsumerApplication - SASL mechanism: SCRAM-SHA-512
[main] INFO com.ibm.eventstreams.demos.mm2.ConsumerApplication - Truststore type: PKCS12
[main] INFO com.ibm.eventstreams.demos.mm2.ConsumerApplication - Truststore file: PKCS12 (exists? true)
[main] INFO com.ibm.eventstreams.demos.mm2.ConsumerApplication - Truststore password: KBW0TfjJP7Ud
[main] INFO com.ibm.eventstreams.demos.mm2.ConsumerApplication - -------------------------------------------------------------
[main] INFO org.apache.kafka.clients.consumer.ConsumerConfig - ConsumerConfig values: 
	allow.auto.create.topics = true
	auto.commit.interval.ms = 10000
	auto.include.jmx.reporter = true
	auto.offset.reset = latest
	bootstrap.servers = [eu-eventstreams-kafka-bootstrap.europe.svc:9098]
	check.crcs = true
	client.dns.lookup = use_all_dns_ips
	client.id = consumer-consumer-southamerica-1
	client.rack = 
	connections.max.idle.ms = 540000
	default.api.timeout.ms = 60000
	enable.auto.commit = true
	enable.metrics.push = true
	exclude.internal.topics = true
	fetch.max.bytes = 52428800
	fetch.max.wait.ms = 500
	fetch.min.bytes = 1
	group.id = consumer-southamerica
	group.instance.id = null
	group.protocol = classic
	group.remote.assignor = null
	heartbeat.interval.ms = 3000
	interceptor.classes = []
	internal.leave.group.on.close = true
	internal.throw.on.fetch.stable.offset.unsupported = false
	isolation.level = read_uncommitted
	key.deserializer = class org.apache.kafka.common.serialization.StringDeserializer
	max.partition.fetch.bytes = 1048576
	max.poll.interval.ms = 300000
	max.poll.records = 500
	metadata.max.age.ms = 300000
	metric.reporters = []
	metrics.num.samples = 2
	metrics.recording.level = INFO
	metrics.sample.window.ms = 30000
	partition.assignment.strategy = [class org.apache.kafka.clients.consumer.RangeAssignor, class org.apache.kafka.clients.consumer.CooperativeStickyAssignor]
	receive.buffer.bytes = 65536
	reconnect.backoff.max.ms = 1000
	reconnect.backoff.ms = 50
	request.timeout.ms = 30000
	retry.backoff.max.ms = 1000
	retry.backoff.ms = 100
	sasl.client.callback.handler.class = null
	sasl.jaas.config = [hidden]
	sasl.kerberos.kinit.cmd = /usr/bin/kinit
	sasl.kerberos.min.time.before.relogin = 60000
	sasl.kerberos.service.name = null
	sasl.kerberos.ticket.renew.jitter = 0.05
	sasl.kerberos.ticket.renew.window.factor = 0.8
	sasl.login.callback.handler.class = null
	sasl.login.class = null
	sasl.login.connect.timeout.ms = null
	sasl.login.read.timeout.ms = null
	sasl.login.refresh.buffer.seconds = 300
	sasl.login.refresh.min.period.seconds = 60
	sasl.login.refresh.window.factor = 0.8
	sasl.login.refresh.window.jitter = 0.05
	sasl.login.retry.backoff.max.ms = 10000
	sasl.login.retry.backoff.ms = 100
	sasl.mechanism = SCRAM-SHA-512
	sasl.oauthbearer.clock.skew.seconds = 30
	sasl.oauthbearer.expected.audience = null
	sasl.oauthbearer.expected.issuer = null
	sasl.oauthbearer.jwks.endpoint.refresh.ms = 3600000
	sasl.oauthbearer.jwks.endpoint.retry.backoff.max.ms = 10000
	sasl.oauthbearer.jwks.endpoint.retry.backoff.ms = 100
	sasl.oauthbearer.jwks.endpoint.url = null
	sasl.oauthbearer.scope.claim.name = scope
	sasl.oauthbearer.sub.claim.name = sub
	sasl.oauthbearer.token.endpoint.url = null
	security.protocol = SASL_SSL
	security.providers = null
	send.buffer.bytes = 131072
	session.timeout.ms = 45000
	socket.connection.setup.timeout.max.ms = 30000
	socket.connection.setup.timeout.ms = 10000
	ssl.cipher.suites = null
	ssl.enabled.protocols = [TLSv1.2, TLSv1.3]
	ssl.endpoint.identification.algorithm = https
	ssl.engine.factory.class = null
	ssl.key.password = null
	ssl.keymanager.algorithm = SunX509
	ssl.keystore.certificate.chain = null
	ssl.keystore.key = null
	ssl.keystore.location = null
	ssl.keystore.password = null
	ssl.keystore.type = JKS
	ssl.protocol = TLSv1.3
	ssl.provider = null
	ssl.secure.random.implementation = null
	ssl.trustmanager.algorithm = PKIX
	ssl.truststore.certificates = null
	ssl.truststore.location = /mnt/kafka-ca-cert.p12
	ssl.truststore.password = [hidden]
	ssl.truststore.type = PKCS12
	value.deserializer = class org.apache.kafka.common.serialization.StringDeserializer

[main] INFO org.apache.kafka.common.telemetry.internals.KafkaMetricsCollector - initializing Kafka metrics collector
[main] INFO org.apache.kafka.common.security.authenticator.AbstractLogin - Successfully logged in.
[main] INFO org.apache.kafka.common.utils.AppInfoParser - Kafka version: 3.7.0
[main] INFO org.apache.kafka.common.utils.AppInfoParser - Kafka commitId: 2ae524ed625438c5
[main] INFO org.apache.kafka.common.utils.AppInfoParser - Kafka startTimeMs: 1712512796266
[main] INFO org.apache.kafka.clients.consumer.internals.LegacyKafkaConsumer - [Consumer clientId=consumer-consumer-southamerica-1, groupId=consumer-southamerica] Subscribed to pattern: 'LH\..*'
[main] INFO org.apache.kafka.clients.Metadata - [Consumer clientId=consumer-consumer-southamerica-1, groupId=consumer-southamerica] Cluster ID: bfGiopYcQ2-xTVIpKP2ZiA
[main] INFO org.apache.kafka.clients.consumer.internals.ConsumerCoordinator - [Consumer clientId=consumer-consumer-southamerica-1, groupId=consumer-southamerica] Discovered group coordinator eu-eventstreams-kafka-1.eu-eventstreams-kafka-brokers.europe.svc:9098 (id: 2147483646 rack: null)
[main] INFO org.apache.kafka.clients.consumer.internals.ConsumerCoordinator - [Consumer clientId=consumer-consumer-southamerica-1, groupId=consumer-southamerica] (Re-)joining group
[main] INFO org.apache.kafka.clients.consumer.internals.ConsumerCoordinator - [Consumer clientId=consumer-consumer-southamerica-1, groupId=consumer-southamerica] Request joining group due to: need to re-join with the given member-id: consumer-consumer-southamerica-1-edbaa282-c424-46a7-9f4d-1d2ade4be521
[main] INFO org.apache.kafka.clients.consumer.internals.ConsumerCoordinator - [Consumer clientId=consumer-consumer-southamerica-1, groupId=consumer-southamerica] (Re-)joining group
[main] INFO org.apache.kafka.clients.consumer.internals.ConsumerCoordinator - [Consumer clientId=consumer-consumer-southamerica-1, groupId=consumer-southamerica] Successfully joined group with generation Generation{generationId=1, memberId='consumer-consumer-southamerica-1-edbaa282-c424-46a7-9f4d-1d2ade4be521', protocol='range'}
[main] INFO org.apache.kafka.clients.consumer.internals.ConsumerCoordinator - [Consumer clientId=consumer-consumer-southamerica-1, groupId=consumer-southamerica] Finished assignment for group at generation 1: {consumer-consumer-southamerica-1-edbaa282-c424-46a7-9f4d-1d2ade4be521=Assignment(partitions=[LH.ORDERS-0, LH.ORDERS-1, LH.ORDERS-2, LH.CANCELLATIONS-0, LH.CANCELLATIONS-1, LH.CANCELLATIONS-2, LH.STOCK-0, LH.STOCK-1, LH.CUSTOMERS-0, LH.CUSTOMERS-1, LH.CUSTOMERS-2, LH.DOORS-0, LH.SENSORS-0, LH.SENSORS-1])}
[main] INFO org.apache.kafka.clients.consumer.internals.ConsumerCoordinator - [Consumer clientId=consumer-consumer-southamerica-1, groupId=consumer-southamerica] Successfully synced group in generation Generation{generationId=1, memberId='consumer-consumer-southamerica-1-edbaa282-c424-46a7-9f4d-1d2ade4be521', protocol='range'}
[main] INFO org.apache.kafka.clients.consumer.internals.ConsumerCoordinator - [Consumer clientId=consumer-consumer-southamerica-1, groupId=consumer-southamerica] Notifying assignor about the new Assignment(partitions=[LH.ORDERS-0, LH.ORDERS-1, LH.ORDERS-2, LH.CANCELLATIONS-0, LH.CANCELLATIONS-1, LH.CANCELLATIONS-2, LH.STOCK-0, LH.STOCK-1, LH.CUSTOMERS-0, LH.CUSTOMERS-1, LH.CUSTOMERS-2, LH.DOORS-0, LH.SENSORS-0, LH.SENSORS-1])
[main] INFO org.apache.kafka.clients.consumer.internals.ConsumerRebalanceListenerInvoker - [Consumer clientId=consumer-consumer-southamerica-1, groupId=consumer-southamerica] Adding newly assigned partitions: LH.CANCELLATIONS-0, LH.CANCELLATIONS-1, LH.CANCELLATIONS-2, LH.CUSTOMERS-0, LH.CUSTOMERS-1, LH.CUSTOMERS-2, LH.DOORS-0, LH.ORDERS-0, LH.ORDERS-1, LH.ORDERS-2, LH.SENSORS-0, LH.SENSORS-1, LH.STOCK-0, LH.STOCK-1
[main] INFO org.apache.kafka.clients.consumer.internals.ConsumerUtils - Setting offset for partition LH.ORDERS-2 to the committed offset FetchPosition{offset=1943, offsetEpoch=Optional.empty, currentLeader=LeaderAndEpoch{leader=Optional[eu-eventstreams-kafka-0.eu-eventstreams-kafka-brokers.europe.svc:9098 (id: 0 rack: null)], epoch=0}}
[main] INFO org.apache.kafka.clients.consumer.internals.ConsumerUtils - Setting offset for partition LH.CANCELLATIONS-2 to the committed offset FetchPosition{offset=11, offsetEpoch=Optional.empty, currentLeader=LeaderAndEpoch{leader=Optional[eu-eventstreams-kafka-1.eu-eventstreams-kafka-brokers.europe.svc:9098 (id: 1 rack: null)], epoch=0}}
[main] INFO org.apache.kafka.clients.consumer.internals.ConsumerUtils - Setting offset for partition LH.ORDERS-1 to the committed offset FetchPosition{offset=1861, offsetEpoch=Optional.empty, currentLeader=LeaderAndEpoch{leader=Optional[eu-eventstreams-kafka-1.eu-eventstreams-kafka-brokers.europe.svc:9098 (id: 1 rack: null)], epoch=0}}
[main] INFO org.apache.kafka.clients.consumer.internals.ConsumerUtils - Setting offset for partition LH.CANCELLATIONS-1 to the committed offset FetchPosition{offset=37, offsetEpoch=Optional.empty, currentLeader=LeaderAndEpoch{leader=Optional[eu-eventstreams-kafka-2.eu-eventstreams-kafka-brokers.europe.svc:9098 (id: 2 rack: null)], epoch=0}}
[main] INFO org.apache.kafka.clients.consumer.internals.ConsumerUtils - Setting offset for partition LH.CANCELLATIONS-0 to the committed offset FetchPosition{offset=39, offsetEpoch=Optional.empty, currentLeader=LeaderAndEpoch{leader=Optional[eu-eventstreams-kafka-0.eu-eventstreams-kafka-brokers.europe.svc:9098 (id: 0 rack: null)], epoch=0}}
[main] INFO org.apache.kafka.clients.consumer.internals.ConsumerUtils - Setting offset for partition LH.DOORS-0 to the committed offset FetchPosition{offset=4691, offsetEpoch=Optional.empty, currentLeader=LeaderAndEpoch{leader=Optional[eu-eventstreams-kafka-1.eu-eventstreams-kafka-brokers.europe.svc:9098 (id: 1 rack: null)], epoch=0}}
[main] INFO org.apache.kafka.clients.consumer.internals.ConsumerUtils - Setting offset for partition LH.CUSTOMERS-2 to the committed offset FetchPosition{offset=1593, offsetEpoch=Optional.empty, currentLeader=LeaderAndEpoch{leader=Optional[eu-eventstreams-kafka-1.eu-eventstreams-kafka-brokers.europe.svc:9098 (id: 1 rack: null)], epoch=0}}
[main] INFO org.apache.kafka.clients.consumer.internals.ConsumerUtils - Setting offset for partition LH.CUSTOMERS-1 to the committed offset FetchPosition{offset=1502, offsetEpoch=Optional.empty, currentLeader=LeaderAndEpoch{leader=Optional[eu-eventstreams-kafka-2.eu-eventstreams-kafka-brokers.europe.svc:9098 (id: 2 rack: null)], epoch=0}}
[main] INFO org.apache.kafka.clients.consumer.internals.ConsumerUtils - Setting offset for partition LH.CUSTOMERS-0 to the committed offset FetchPosition{offset=1550, offsetEpoch=Optional.empty, currentLeader=LeaderAndEpoch{leader=Optional[eu-eventstreams-kafka-0.eu-eventstreams-kafka-brokers.europe.svc:9098 (id: 0 rack: null)], epoch=0}}
[main] INFO org.apache.kafka.clients.consumer.internals.ConsumerUtils - Setting offset for partition LH.ORDERS-0 to the committed offset FetchPosition{offset=1949, offsetEpoch=Optional.empty, currentLeader=LeaderAndEpoch{leader=Optional[eu-eventstreams-kafka-2.eu-eventstreams-kafka-brokers.europe.svc:9098 (id: 2 rack: null)], epoch=0}}
[main] INFO org.apache.kafka.clients.consumer.internals.ConsumerUtils - Setting offset for partition LH.SENSORS-0 to the committed offset FetchPosition{offset=2294, offsetEpoch=Optional.empty, currentLeader=LeaderAndEpoch{leader=Optional[eu-eventstreams-kafka-2.eu-eventstreams-kafka-brokers.europe.svc:9098 (id: 2 rack: null)], epoch=0}}
[main] INFO org.apache.kafka.clients.consumer.internals.ConsumerUtils - Setting offset for partition LH.STOCK-0 to the committed offset FetchPosition{offset=357, offsetEpoch=Optional.empty, currentLeader=LeaderAndEpoch{leader=Optional[eu-eventstreams-kafka-1.eu-eventstreams-kafka-brokers.europe.svc:9098 (id: 1 rack: null)], epoch=0}}
[main] INFO org.apache.kafka.clients.consumer.internals.ConsumerUtils - Setting offset for partition LH.STOCK-1 to the committed offset FetchPosition{offset=445, offsetEpoch=Optional.empty, currentLeader=LeaderAndEpoch{leader=Optional[eu-eventstreams-kafka-0.eu-eventstreams-kafka-brokers.europe.svc:9098 (id: 0 rack: null)], epoch=0}}
[main] INFO org.apache.kafka.clients.consumer.internals.ConsumerUtils - Setting offset for partition LH.SENSORS-1 to the committed offset FetchPosition{offset=2373, offsetEpoch=Optional.empty, currentLeader=LeaderAndEpoch{leader=Optional[eu-eventstreams-kafka-1.eu-eventstreams-kafka-brokers.europe.svc:9098 (id: 1 rack: null)], epoch=0}}
[main] INFO com.ibm.eventstreams.demos.mm2.ConsumerApplication - Topic: LH.ORDERS  /  Partition: 1  /  Offset: 1862  /  Timestamp: 2024-04-07 17:55:49  /  Data: {"id":"caa05826-cd7b-4d6d-be89-5facd188dce7","customer":"Terrence Stark","customerid":"e4cd2d3a-0aec-45f9-a094-7029178cb933","description":"XXL Jeggings Bootcut Jeans","price":41.28,"quantity":2,"region":"SA","ordertime":"2024-04-07 17:55:49.560"}
[main] INFO com.ibm.eventstreams.demos.mm2.ConsumerApplication - Topic: LH.ORDERS  /  Partition: 1  /  Offset: 1864  /  Timestamp: 2024-04-07 17:55:59  /  Data: {"id":"486f7f39-b8cb-4a3d-8a9d-e6f1e46d78b9","customer":"Colette Blick","customerid":"2e9d50c4-2c5a-4981-ba0c-c564a2dc2a4c","description":"M Denim Crochet Jeans","price":23.77,"quantity":10,"region":"SA","ordertime":"2024-04-07 17:55:59.560"}
[main] INFO com.ibm.eventstreams.demos.mm2.ConsumerApplication - Topic: LH.ORDERS  /  Partition: 1  /  Offset: 1866  /  Timestamp: 2024-04-07 17:56:29  /  Data: {"id":"c1a9ead8-e85e-4644-89f4-9b9961543bb3","customer":"Leif Erdman","customerid":"550c1b87-2a7a-40c7-851e-d4721b9ea9a9","description":"M Acid-washed Capri Jeans","price":58.18,"quantity":5,"region":"SA","ordertime":"2024-04-07 17:56:29.561"}
[main] INFO com.ibm.eventstreams.demos.mm2.ConsumerApplication - Topic: LH.ORDERS  /  Partition: 1  /  Offset: 1868  /  Timestamp: 2024-04-07 17:57:29  /  Data: {"id":"7b3669eb-e0bd-4081-a65f-7438126328ab","customer":"Bertram Rohan","customerid":"7b4b516b-883e-46ba-b6ea-2fa191f85421","description":"XXS White Cargo Jeans","price":29.55,"quantity":1,"region":"SA","ordertime":"2024-04-07 17:57:29.560"}
[main] INFO com.ibm.eventstreams.demos.mm2.ConsumerApplication - Topic: LH.ORDERS  /  Partition: 1  /  Offset: 1870  /  Timestamp: 2024-04-07 17:57:39  /  Data: {"id":"33565174-dd5c-4850-ad93-560fae8dce1a","customer":"Bud Greenfelder","customerid":"7ccfcfdd-be47-40f7-aebd-5f6ccd6e8708","description":"XXL Khaki Cargo Jeans","price":38.25,"quantity":3,"region":"SA","ordertime":"2024-04-07 17:57:39.561"}
[main] INFO com.ibm.eventstreams.demos.mm2.ConsumerApplication - Topic: LH.ORDERS  /  Partition: 1  /  Offset: 1872  /  Timestamp: 2024-04-07 17:57:59  /  Data: {"id":"29787158-c57a-476e-920b-35f9126e6b65","customer":"Katrice Little","customerid":"05a7716f-2dba-4add-ad4d-5e9b426f47ad","description":"XXL Jeggings Capri Jeans","price":50.28,"quantity":9,"region":"SA","ordertime":"2024-04-07 17:57:59.561"}
[main] INFO com.ibm.eventstreams.demos.mm2.ConsumerApplication - Topic: LH.ORDERS  /  Partition: 1  /  Offset: 1874  /  Timestamp: 2024-04-07 17:58:49  /  Data: {"id":"dd3633c4-3137-41f4-af60-d9813c0a5c0c","customer":"Donald Abshire","customerid":"536ce9ba-c36d-4ddb-9e4c-23c76c09f9ab","description":"XL Retro Jorts Jeans","price":29.35,"quantity":9,"region":"SA","ordertime":"2024-04-07 17:58:49.560"}
[main] INFO com.ibm.eventstreams.demos.mm2.ConsumerApplication - Topic: LH.ORDERS  /  Partition: 1  /  Offset: 1876  /  Timestamp: 2024-04-07 17:58:59  /  Data: {"id":"a938aac7-f649-495a-9cd1-763142683acc","customer":"Tana D'Amore","customerid":"4d83de8e-6d24-475a-a067-c450b4f6e3d0","description":"XXL Blue Flare Jeans","price":34.49,"quantity":2,"region":"SA","ordertime":"2024-04-07 17:58:59.561"}
[main] INFO com.ibm.eventstreams.demos.mm2.ConsumerApplication - Topic: LH.ORDERS  /  Partition: 1  /  Offset: 1878  /  Timestamp: 2024-04-07 17:59:19  /  Data: {"id":"c8a59b7d-c4de-49de-b3b8-621262f52235","customer":"Iona Doyle","customerid":"b47d472f-d6d1-4d32-b8e3-868188b08bc5","description":"XXS Blue Crochet Jeans","price":36.33,"quantity":10,"region":"SA","ordertime":"2024-04-07 17:59:19.561"}
[main] INFO com.ibm.eventstreams.demos.mm2.ConsumerApplication - Topic: LH.ORDERS  /  Partition: 1  /  Offset: 1880  /  Timestamp: 2024-04-07 17:59:21  /  Data: {"id":"5cfb4178-509f-4687-a99b-05c988a0c5a2","customer":"Buddy Lubowitz III","customerid":"e702e63a-4389-4325-8248-2663ce525b99","description":"L Classic Skinny Jeans","price":51.9,"quantity":1,"region":"SA","ordertime":"2024-04-07 17:59:21.006"}
[main] INFO com.ibm.eventstreams.demos.mm2.ConsumerApplication - Topic: LH.ORDERS  /  Partition: 1  /  Offset: 1882  /  Timestamp: 2024-04-07 17:59:49  /  Data: {"id":"4fa4d202-2863-42d0-b38b-57479353a8a9","customer":"Santos Mayert","customerid":"193995dd-39ec-4f7b-8f07-c5b63f91ddbb","description":"XL Acid-washed High-waist Jeans","price":55.22,"quantity":9,"region":"SA","ordertime":"2024-04-07 17:59:49.560"}
[main] INFO com.ibm.eventstreams.demos.mm2.ConsumerApplication - Topic: LH.CANCELLATIONS  /  Partition: 2  /  Offset: 12  /  Timestamp: 2024-04-07 13:37:33  /  Data: {"id":"942db930-c2bb-4062-bae4-3f41bac2acec","orderid":"64e2c139-c5fb-4dbb-8f8c-b5f17058de2d","canceltime":"2024-04-07 13:37:33.145","reason":"CHANGEDMIND"}
[main] INFO com.ibm.eventstreams.demos.mm2.ConsumerApplication - Topic: LH.CANCELLATIONS  /  Partition: 2  /  Offset: 14  /  Timestamp: 2024-04-07 13:50:38  /  Data: {"id":"61e48f7b-21fc-4231-a702-60bb5d9e6872","orderid":"f3ee8847-97a0-4f11-bfd5-35adf1c1c267","canceltime":"2024-04-07 13:50:38.512","reason":"CHANGEDMIND"}
[main] INFO com.ibm.eventstreams.demos.mm2.ConsumerApplication - Topic: LH.CANCELLATIONS  /  Partition: 2  /  Offset: 16  /  Timestamp: 2024-04-07 14:03:41  /  Data: {"id":"50470461-33c6-4629-8d26-f815d4618a81","orderid":"55e4a82a-8ce3-465d-ad70-3f0743d538af","canceltime":"2024-04-07 14:03:41.589","reason":"BADFIT"}
[main] INFO com.ibm.eventstreams.demos.mm2.ConsumerApplication - Topic: LH.CANCELLATIONS  /  Partition: 2  /  Offset: 18  /  Timestamp: 2024-04-07 14:36:20  /  Data: {"id":"01385299-7770-48b2-ad14-f0702865c3ac","orderid":"469ae029-596b-4531-8265-65439b299372","canceltime":"2024-04-07 14:36:20.923","reason":"CHANGEDMIND"}
[main] INFO com.ibm.eventstreams.demos.mm2.ConsumerApplication - Topic: LH.CANCELLATIONS  /  Partition: 2  /  Offset: 20  /  Timestamp: 2024-04-07 14:50:17  /  Data: {"id":"11d83c41-ad14-4959-bf00-3b7336af803b","orderid":"e14de205-ba26-45c9-bd42-c75a2bd241ac","canceltime":"2024-04-07 14:50:17.420","reason":"CHANGEDMIND"}
[main] INFO com.ibm.eventstreams.demos.mm2.ConsumerApplication - Topic: LH.CANCELLATIONS  /  Partition: 2  /  Offset: 22  /  Timestamp: 2024-04-07 15:41:32  /  Data: {"id":"feb543ae-37d2-48f4-bd2a-1043eaded8d1","orderid":"572e8b07-ed98-47a2-ba93-03ca58273ce9","canceltime":"2024-04-07 15:41:32.056","reason":"BADFIT"}
[main] INFO com.ibm.eventstreams.demos.mm2.ConsumerApplication - Topic: LH.CANCELLATIONS  /  Partition: 2  /  Offset: 24  /  Timestamp: 2024-04-07 16:49:00  /  Data: {"id":"12f9420a-168d-484c-a537-aad67fd81061","orderid":"d34b4404-50ca-45e4-8666-2cb1a53c5c4d","canceltime":"2024-04-07 16:49:00.682","reason":"BADFIT"}
[main] INFO com.ibm.eventstreams.demos.mm2.ConsumerApplication - Topic: LH.CANCELLATIONS  /  Partition: 2  /  Offset: 26  /  Timestamp: 2024-04-07 17:24:10  /  Data: {"id":"d55f5b7c-b82e-463d-bad6-91774d008b5d","orderid":"66a2f5f0-3630-41e3-81f0-44fd4beabd6d","canceltime":"2024-04-07 17:24:10.845","reason":"BADFIT"}
[main] INFO com.ibm.eventstreams.demos.mm2.ConsumerApplication - Topic: LH.CANCELLATIONS  /  Partition: 2  /  Offset: 28  /  Timestamp: 2024-04-07 17:44:47  /  Data: {"id":"6af1c65e-5fef-4de7-a42b-77495423ed6e","orderid":"798343e9-8ae4-46e5-bd15-3720e95c36c5","canceltime":"2024-04-07 17:44:47.524","reason":"BADFIT"}
[main] INFO com.ibm.eventstreams.demos.mm2.ConsumerApplication - Topic: LH.STOCK  /  Partition: 0  /  Offset: 358  /  Timestamp: 2024-04-07 17:44:29  /  Data: {"movementid":"8401b0f9-1e94-4981-9dc7-3bb9493dcd80","warehouse":"Bogotá","product":"XL Jeggings Bootcut Jeans","quantity":300,"updatetime":"2024-04-07 17:44:29.639"}
[main] INFO com.ibm.eventstreams.demos.mm2.ConsumerApplication - Topic: LH.STOCK  /  Partition: 0  /  Offset: 359  /  Timestamp: 2024-04-07 17:44:29  /  Data: {"movementid":"8401b0f9-1e94-4981-9dc7-3bb9493dcd80","warehouse":"Bogotá","product":"XL Jeggings Bootcut Jeans","quantity":300,"updatetime":"2024-04-07 17:44:29.639"}
[main] INFO com.ibm.eventstreams.demos.mm2.ConsumerApplication - Topic: LH.STOCK  /  Partition: 0  /  Offset: 361  /  Timestamp: 2024-04-07 17:47:29  /  Data: {"movementid":"caa6738e-a6d6-4b95-815a-b007b82f8d55","warehouse":"Lima","product":"S Classic Low-rise Jeans","quantity":90,"updatetime":"2024-04-07 17:47:29.639"}
[main] INFO com.ibm.eventstreams.demos.mm2.ConsumerApplication - Topic: LH.STOCK  /  Partition: 0  /  Offset: 363  /  Timestamp: 2024-04-07 17:49:29  /  Data: {"movementid":"be87e5d8-7916-4c86-b407-45375987d1d3","warehouse":"LaPaz","product":"XXL Black Bootcut Jeans","quantity":450,"updatetime":"2024-04-07 17:49:29.639"}
[main] INFO com.ibm.eventstreams.demos.mm2.ConsumerApplication - Topic: LH.STOCK  /  Partition: 0  /  Offset: 365  /  Timestamp: 2024-04-07 17:51:29  /  Data: {"movementid":"e590a980-c0af-4f22-8a0d-8521018517f2","warehouse":"Lima","product":"L Jeggings Straight-leg Jeans","quantity":70,"updatetime":"2024-04-07 17:51:29.639"}
[main] INFO com.ibm.eventstreams.demos.mm2.ConsumerApplication - Topic: LH.STOCK  /  Partition: 0  /  Offset: 367  /  Timestamp: 2024-04-07 17:52:29  /  Data: {"movementid":"c66f29eb-8a48-454f-919b-23abc1f43dc0","warehouse":"Lima","product":"M White Mom Jeans","quantity":240,"updatetime":"2024-04-07 17:52:29.640"}
[main] INFO com.ibm.eventstreams.demos.mm2.ConsumerApplication - Topic: LH.STOCK  /  Partition: 0  /  Offset: 369  /  Timestamp: 2024-04-07 17:53:29  /  Data: {"movementid":"32f59542-98a4-4059-abd7-499b32e6d497","warehouse":"Lima","product":"XL Jeggings High-waist Jeans","quantity":280,"updatetime":"2024-04-07 17:53:29.639"}
[main] INFO com.ibm.eventstreams.demos.mm2.ConsumerApplication - Topic: LH.STOCK  /  Partition: 0  /  Offset: 371  /  Timestamp: 2024-04-07 17:56:29  /  Data: {"movementid":"43a2b29b-fd0a-4ff5-afb4-7bb875b21361","warehouse":"LaPaz","product":"XL Stonewashed Mom Jeans","quantity":480,"updatetime":"2024-04-07 17:56:29.640"}
[main] INFO com.ibm.eventstreams.demos.mm2.ConsumerApplication - Topic: LH.STOCK  /  Partition: 0  /  Offset: 373  /  Timestamp: 2024-04-07 17:57:29  /  Data: {"movementid":"1e1009d0-3130-4594-95f2-30ac67e648a7","warehouse":"Bogotá","product":"L Stonewashed Jorts Jeans","quantity":170,"updatetime":"2024-04-07 17:57:29.639"}
[main] INFO com.ibm.eventstreams.demos.mm2.ConsumerApplication - Topic: LH.STOCK  /  Partition: 0  /  Offset: 375  /  Timestamp: 2024-04-07 17:58:29  /  Data: {"movementid":"4dffce09-8501-49f6-9f58-e207060cc379","warehouse":"LaPaz","product":"S Navy Cargo Jeans","quantity":140,"updatetime":"2024-04-07 17:58:29.639"}
[main] INFO com.ibm.eventstreams.demos.mm2.ConsumerApplication - Topic: LH.STOCK  /  Partition: 0  /  Offset: 377  /  Timestamp: 2024-04-07 17:59:29  /  Data: {"movementid":"8fdb8527-acd4-4cfd-bc0a-31df7e36879c","warehouse":"Lima","product":"XL Khaki Capri Jeans","quantity":240,"updatetime":"2024-04-07 17:59:29.639"}
[main] INFO com.ibm.eventstreams.demos.mm2.ConsumerApplication - Topic: LH.DOORS  /  Partition: 0  /  Offset: 4692  /  Timestamp: 2024-04-07 17:58:29  /  Data: {"recordid":"a261c12b-9e06-4483-9063-adf451586aab","door":"B-3-41","employee":"trudy.ernser","badgetime":"2024-04-07 17:58:15.644"}
[main] INFO com.ibm.eventstreams.demos.mm2.ConsumerApplication - Topic: LH.DOORS  /  Partition: 0  /  Offset: 4694  /  Timestamp: 2024-04-07 17:58:39  /  Data: {"recordid":"aac14ba6-a1c8-4f95-8616-a56f69f2f00d","door":"A-3-12","employee":"clelia.skiles","badgetime":"2024-04-07 17:58:35.643"}
[main] INFO com.ibm.eventstreams.demos.mm2.ConsumerApplication - Topic: LH.DOORS  /  Partition: 0  /  Offset: 4696  /  Timestamp: 2024-04-07 17:58:49  /  Data: {"recordid":"78d4151e-e539-4569-807e-bddaea0cc5c6","door":"B-2-45","employee":"moises.schroeder","badgetime":"2024-04-07 17:58:46.643"}
[main] INFO com.ibm.eventstreams.demos.mm2.ConsumerApplication - Topic: LH.DOORS  /  Partition: 0  /  Offset: 4698  /  Timestamp: 2024-04-07 17:58:59  /  Data: {"recordid":"517aa368-62f5-4b6e-bd47-d6fc66ab3d9e","door":"H-3-24","employee":"jimmy.kohler","badgetime":"2024-04-07 17:57:17.643"}
[main] INFO com.ibm.eventstreams.demos.mm2.ConsumerApplication - Topic: LH.DOORS  /  Partition: 0  /  Offset: 4700  /  Timestamp: 2024-04-07 17:59:09  /  Data: {"recordid":"58401542-b50b-4a85-92ec-fc7b60215f71","door":"DM-0-17","employee":"ty.koch","badgetime":"2024-04-07 17:58:10.643"}
[main] INFO com.ibm.eventstreams.demos.mm2.ConsumerApplication - Topic: LH.DOORS  /  Partition: 0  /  Offset: 4702  /  Timestamp: 2024-04-07 17:59:19  /  Data: {"recordid":"f6cf1c47-f5bc-466f-98c5-8a482f79a629","door":"B-1-44","employee":"josefa.schaden","badgetime":"2024-04-07 17:56:45.643"}
[main] INFO com.ibm.eventstreams.demos.mm2.ConsumerApplication - Topic: LH.DOORS  /  Partition: 0  /  Offset: 4704  /  Timestamp: 2024-04-07 17:59:29  /  Data: {"recordid":"afcfe024-4ce7-44fe-9910-56c4bb99031f","door":"H-0-25","employee":"rocco.batz","badgetime":"2024-04-07 17:57:15.643"}
[main] INFO com.ibm.eventstreams.demos.mm2.ConsumerApplication - Topic: LH.DOORS  /  Partition: 0  /  Offset: 4706  /  Timestamp: 2024-04-07 17:59:39  /  Data: {"recordid":"89f95e97-8bcc-48a4-9aa9-c7de9cbc939f","door":"DE-0-34","employee":"jewel.hegmann","badgetime":"2024-04-07 17:56:47.643"}
[main] INFO com.ibm.eventstreams.demos.mm2.ConsumerApplication - Topic: LH.DOORS  /  Partition: 0  /  Offset: 4708  /  Timestamp: 2024-04-07 17:59:49  /  Data: {"recordid":"132edafc-35ea-41e7-b99a-c50dad79d702","door":"G-2-40","employee":"coy.dibbert","badgetime":"2024-04-07 17:58:47.643"}
[main] INFO com.ibm.eventstreams.demos.mm2.ConsumerApplication - Topic: LH.CUSTOMERS  /  Partition: 2  /  Offset: 1594  /  Timestamp: 2024-04-07 17:53:39  /  Data: {"customerid":"03448d43-307d-4833-acd5-fd5fa6d1f01a","customername":"Mohammed Beer II","registered":"2024-04-07 17:53:39.560"}
[main] INFO com.ibm.eventstreams.demos.mm2.ConsumerApplication - Topic: LH.CUSTOMERS  /  Partition: 2  /  Offset: 1596  /  Timestamp: 2024-04-07 17:53:59  /  Data: {"customerid":"b90232db-c4aa-4200-84f6-231d4946aa7a","customername":"Paris Moen","registered":"2024-04-07 17:53:59.560"}
[main] INFO com.ibm.eventstreams.demos.mm2.ConsumerApplication - Topic: LH.CUSTOMERS  /  Partition: 2  /  Offset: 1598  /  Timestamp: 2024-04-07 17:54:59  /  Data: {"customerid":"6e629c95-b0ed-4979-83cc-69f4deed1502","customername":"Jermaine Cummings","registered":"2024-04-07 17:54:59.560"}
[main] INFO com.ibm.eventstreams.demos.mm2.ConsumerApplication - Topic: LH.CUSTOMERS  /  Partition: 2  /  Offset: 1600  /  Timestamp: 2024-04-07 17:55:09  /  Data: {"customerid":"60357ddb-c871-491a-b51e-8aa367e33696","customername":"Penelope Weimann","registered":"2024-04-07 17:55:09.561"}
[main] INFO com.ibm.eventstreams.demos.mm2.ConsumerApplication - Topic: LH.CUSTOMERS  /  Partition: 2  /  Offset: 1602  /  Timestamp: 2024-04-07 17:55:39  /  Data: {"customerid":"6377967a-2160-4289-b0c1-0d8a8426e7c0","customername":"Arlyne Lueilwitz","registered":"2024-04-07 17:55:39.561"}
[main] INFO com.ibm.eventstreams.demos.mm2.ConsumerApplication - Topic: LH.CUSTOMERS  /  Partition: 2  /  Offset: 1604  /  Timestamp: 2024-04-07 17:55:59  /  Data: {"customerid":"cef9b8cd-efc9-4d6e-a828-3824c9e46632","customername":"Sandra Collins","registered":"2024-04-07 17:55:59.560"}
[main] INFO com.ibm.eventstreams.demos.mm2.ConsumerApplication - Topic: LH.CUSTOMERS  /  Partition: 2  /  Offset: 1606  /  Timestamp: 2024-04-07 17:56:19  /  Data: {"customerid":"d5e0dc2e-e696-4688-be0b-7d170f2ff5dc","customername":"Carli Crona","registered":"2024-04-07 17:56:19.560"}
[main] INFO com.ibm.eventstreams.demos.mm2.ConsumerApplication - Topic: LH.CUSTOMERS  /  Partition: 2  /  Offset: 1608  /  Timestamp: 2024-04-07 17:56:29  /  Data: {"customerid":"19aa4f3f-6c84-401e-8096-70e537b02b1e","customername":"Miss Brittanie Graham","registered":"2024-04-07 17:56:29.560"}
[main] INFO com.ibm.eventstreams.demos.mm2.ConsumerApplication - Topic: LH.CUSTOMERS  /  Partition: 2  /  Offset: 1610  /  Timestamp: 2024-04-07 17:57:09  /  Data: {"customerid":"8fd1eb9d-b4b9-4f5f-9445-4acd9b285217","customername":"Miss Noriko Volkman","registered":"2024-04-07 17:57:09.560"}
[main] INFO com.ibm.eventstreams.demos.mm2.ConsumerApplication - Topic: LH.CUSTOMERS  /  Partition: 2  /  Offset: 1612  /  Timestamp: 2024-04-07 17:57:19  /  Data: {"customerid":"2e4188b7-dc37-43bf-a55c-8e4a48530571","customername":"Mrs. Valrie Larkin","registered":"2024-04-07 17:57:19.560"}
[main] INFO com.ibm.eventstreams.demos.mm2.ConsumerApplication - Topic: LH.CUSTOMERS  /  Partition: 2  /  Offset: 1614  /  Timestamp: 2024-04-07 17:57:59  /  Data: {"customerid":"d1180b3d-40d5-4ad4-a8cc-41a324d4aa1b","customername":"Teodoro Batz","registered":"2024-04-07 17:57:59.561"}
[main] INFO com.ibm.eventstreams.demos.mm2.ConsumerApplication - Topic: LH.CUSTOMERS  /  Partition: 2  /  Offset: 1616  /  Timestamp: 2024-04-07 17:58:09  /  Data: {"customerid":"e9cab2d3-fe67-4cd2-a7f5-be01ac69cf05","customername":"Thalia Boyle","registered":"2024-04-07 17:58:09.560"}
[main] INFO com.ibm.eventstreams.demos.mm2.ConsumerApplication - Topic: LH.CUSTOMERS  /  Partition: 2  /  Offset: 1618  /  Timestamp: 2024-04-07 17:58:49  /  Data: {"customerid":"83a81980-9666-4967-ba47-f377d5b01fff","customername":"Khadijah Gleason DDS","registered":"2024-04-07 17:58:49.560"}
[main] INFO com.ibm.eventstreams.demos.mm2.ConsumerApplication - Topic: LH.CUSTOMERS  /  Partition: 2  /  Offset: 1620  /  Timestamp: 2024-04-07 17:59:29  /  Data: {"customerid":"d2161bcd-c3cd-4ea1-8ccd-89ee9c98a90d","customername":"Horace Jacobs","registered":"2024-04-07 17:59:29.561"}
[main] INFO com.ibm.eventstreams.demos.mm2.ConsumerApplication - Topic: LH.CUSTOMERS  /  Partition: 2  /  Offset: 1622  /  Timestamp: 2024-04-07 17:59:39  /  Data: {"customerid":"941afab3-5fa5-4120-a95d-c3453e0d44a9","customername":"Bibi Veum","registered":"2024-04-07 17:59:39.561"}
[main] INFO com.ibm.eventstreams.demos.mm2.ConsumerApplication - Topic: LH.CUSTOMERS  /  Partition: 2  /  Offset: 1624  /  Timestamp: 2024-04-07 17:59:49  /  Data: {"customerid":"44cd04b5-d132-4a18-a37b-dc5dd647210d","customername":"Lynn Russel","registered":"2024-04-07 17:59:49.560"}
[main] INFO com.ibm.eventstreams.demos.mm2.ConsumerApplication - Topic: LH.SENSORS  /  Partition: 1  /  Offset: 2374  /  Timestamp: 2024-04-07 17:57:49  /  Data: {"sensortime":"Sun Apr 07 17:56:55 GMT 2024","sensorid":"A-1-27","temperature":20.3,"humidity":51}
[main] INFO com.ibm.eventstreams.demos.mm2.ConsumerApplication - Topic: LH.SENSORS  /  Partition: 1  /  Offset: 2376  /  Timestamp: 2024-04-07 17:57:59  /  Data: {"sensortime":"Sun Apr 07 17:57:17 GMT 2024","sensorid":"DE-0-26","temperature":21.0,"humidity":55}
[main] INFO com.ibm.eventstreams.demos.mm2.ConsumerApplication - Topic: LH.SENSORS  /  Partition: 1  /  Offset: 2378  /  Timestamp: 2024-04-07 17:58:19  /  Data: {"sensortime":"Sun Apr 07 17:57:08 GMT 2024","sensorid":"A-2-18","temperature":21.9,"humidity":58}
[main] INFO com.ibm.eventstreams.demos.mm2.ConsumerApplication - Topic: LH.SENSORS  /  Partition: 1  /  Offset: 2380  /  Timestamp: 2024-04-07 17:58:39  /  Data: {"sensortime":"Sun Apr 07 17:57:31 GMT 2024","sensorid":"B-3-15","temperature":20.3,"humidity":45}
[main] INFO com.ibm.eventstreams.demos.mm2.ConsumerApplication - Topic: LH.SENSORS  /  Partition: 1  /  Offset: 2382  /  Timestamp: 2024-04-07 17:58:59  /  Data: {"sensortime":"Sun Apr 07 17:55:50 GMT 2024","sensorid":"DE-0-16","temperature":22.3,"humidity":58}
[main] INFO com.ibm.eventstreams.demos.mm2.ConsumerApplication - Topic: LH.SENSORS  /  Partition: 1  /  Offset: 2384  /  Timestamp: 2024-04-07 17:59:39  /  Data: {"sensortime":"Sun Apr 07 17:55:40 GMT 2024","sensorid":"H-1-23","temperature":22.0,"humidity":58}
[main] INFO com.ibm.eventstreams.demos.mm2.ConsumerApplication - Topic: LH.SENSORS  /  Partition: 1  /  Offset: 2386  /  Timestamp: 2024-04-07 17:59:49  /  Data: {"sensortime":"Sun Apr 07 17:57:34 GMT 2024","sensorid":"H-3-14","temperature":22.1,"humidity":56}
[main] INFO com.ibm.eventstreams.demos.mm2.ConsumerApplication - Topic: LH.ORDERS  /  Partition: 2  /  Offset: 1944  /  Timestamp: 2024-04-07 17:54:39  /  Data: {"id":"727b937a-b308-4e34-8b6f-4520d3cbb8c8","customer":"Maye O'Keefe","customerid":"3cc6f8dd-11a5-41a2-9e19-2782a81f8322","description":"S Blue Jorts Jeans","price":23.91,"quantity":10,"region":"SA","ordertime":"2024-04-07 17:54:39.560"}
[main] INFO com.ibm.eventstreams.demos.mm2.ConsumerApplication - Topic: LH.ORDERS  /  Partition: 2  /  Offset: 1946  /  Timestamp: 2024-04-07 17:54:59  /  Data: {"id":"f0289db8-a8c0-4578-9644-0a565cefeecb","customer":"Shon Streich","customerid":"7615856e-a662-4211-b1b3-adb8e5294028","description":"S Classic Capri Jeans","price":59.39,"quantity":3,"region":"SA","ordertime":"2024-04-07 17:54:59.560"}
[main] INFO com.ibm.eventstreams.demos.mm2.ConsumerApplication - Topic: LH.ORDERS  /  Partition: 2  /  Offset: 1948  /  Timestamp: 2024-04-07 17:55:09  /  Data: {"id":"873f03cf-beb0-4507-b570-059df838e182","customer":"Ernestina Nitzsche","customerid":"d916e36b-fbb1-4cbf-9c5c-3bfdf2b00282","description":"XL Stonewashed Boyfriend Jeans","price":31.99,"quantity":6,"region":"SA","ordertime":"2024-04-07 17:55:09.561"}
[main] INFO com.ibm.eventstreams.demos.mm2.ConsumerApplication - Topic: LH.ORDERS  /  Partition: 2  /  Offset: 1950  /  Timestamp: 2024-04-07 17:55:19  /  Data: {"id":"e377c651-2c0d-428c-a120-a4861e586983","customer":"Stuart Bosco","customerid":"613901fc-fb38-4d38-9d02-15ef5ed71592","description":"M Retro Boyfriend Jeans","price":17.25,"quantity":6,"region":"SA","ordertime":"2024-04-07 17:55:19.560"}
[main] INFO com.ibm.eventstreams.demos.mm2.ConsumerApplication - Topic: LH.ORDERS  /  Partition: 2  /  Offset: 1952  /  Timestamp: 2024-04-07 17:56:09  /  Data: {"id":"10bc4863-cdfc-4250-9ef0-65e7bc0733ff","customer":"Shanelle Koepp","customerid":"741c3db6-836e-4727-a02e-95d381a5814f","description":"XS Black Cargo Jeans","price":49.07,"quantity":9,"region":"SA","ordertime":"2024-04-07 17:56:09.560"}
[main] INFO com.ibm.eventstreams.demos.mm2.ConsumerApplication - Topic: LH.ORDERS  /  Partition: 2  /  Offset: 1954  /  Timestamp: 2024-04-07 17:56:19  /  Data: {"id":"b77338ae-e123-4b4d-9c80-4271debe50dc","customer":"Aurora Cummings III","customerid":"4bf6ba41-c836-4be6-8b16-ea6f012aa458","description":"XL Black Ripped Jeans","price":43.33,"quantity":1,"region":"SA","ordertime":"2024-04-07 17:56:19.560"}
[main] INFO com.ibm.eventstreams.demos.mm2.ConsumerApplication - Topic: LH.ORDERS  /  Partition: 2  /  Offset: 1956  /  Timestamp: 2024-04-07 17:56:39  /  Data: {"id":"df731fe2-09ec-436c-a9bf-19529ffbe610","customer":"Maurice Heidenreich","customerid":"4eef8246-11bc-43f4-8866-3efc0c3b2e46","description":"S Classic High-waist Jeans","price":43.56,"quantity":2,"region":"SA","ordertime":"2024-04-07 17:56:39.560"}
[main] INFO com.ibm.eventstreams.demos.mm2.ConsumerApplication - Topic: LH.ORDERS  /  Partition: 2  /  Offset: 1958  /  Timestamp: 2024-04-07 17:56:59  /  Data: {"id":"fa36462d-6c3d-4f97-86ff-60d73da29f30","customer":"My Stanton","customerid":"1e1dc754-4d46-4528-927d-bb9fca9886bc","description":"S Stonewashed Crochet Jeans","price":53.73,"quantity":9,"region":"SA","ordertime":"2024-04-07 17:56:59.560"}
[main] INFO com.ibm.eventstreams.demos.mm2.ConsumerApplication - Topic: LH.ORDERS  /  Partition: 2  /  Offset: 1960  /  Timestamp: 2024-04-07 17:57:49  /  Data: {"id":"18cba7ad-c3ee-48ba-b970-05f8297cd438","customer":"Rico Bruen","customerid":"18f62894-b6de-44a0-ba13-80e542cdf53f","description":"L Jeggings Mom Jeans","price":23.62,"quantity":9,"region":"SA","ordertime":"2024-04-07 17:57:49.560"}
[main] INFO com.ibm.eventstreams.demos.mm2.ConsumerApplication - Topic: LH.ORDERS  /  Partition: 2  /  Offset: 1962  /  Timestamp: 2024-04-07 17:58:19  /  Data: {"id":"0f2bb3f3-7fb3-47b6-a0e7-c737e8d6f471","customer":"Lashaun Nolan","customerid":"f82814dd-fdbf-4a39-894d-016f32e60329","description":"M Retro Jogger Jeans","price":40.68,"quantity":4,"region":"SA","ordertime":"2024-04-07 17:58:19.560"}
[main] INFO com.ibm.eventstreams.demos.mm2.ConsumerApplication - Topic: LH.ORDERS  /  Partition: 2  /  Offset: 1964  /  Timestamp: 2024-04-07 17:58:39  /  Data: {"id":"33b306f3-f74f-485c-a09a-2dc5a1aad265","customer":"Dr. Soon Turner","customerid":"ee44302d-582a-438d-9861-6bb9cdf16bd8","description":"S White Flare Jeans","price":32.46,"quantity":8,"region":"SA","ordertime":"2024-04-07 17:58:39.560"}
[main] INFO com.ibm.eventstreams.demos.mm2.ConsumerApplication - Topic: LH.ORDERS  /  Partition: 2  /  Offset: 1966  /  Timestamp: 2024-04-07 17:59:09  /  Data: {"id":"ee23ed81-57ac-4878-af07-ed8b52d2e5b1","customer":"Romeo Kuhic","customerid":"887a8b50-83b8-4cde-95da-2fcc7bf7c4a2","description":"L Jeggings High-waist Jeans","price":56.89,"quantity":8,"region":"SA","ordertime":"2024-04-07 17:59:09.560"}
[main] INFO com.ibm.eventstreams.demos.mm2.ConsumerApplication - Topic: LH.ORDERS  /  Partition: 2  /  Offset: 1968  /  Timestamp: 2024-04-07 17:59:20  /  Data: {"id":"324dc680-cea1-4e5a-a5b1-5650b730ba86","customer":"Leif Erdman","customerid":"550c1b87-2a7a-40c7-851e-d4721b9ea9a9","description":"M Acid-washed Capri Jeans","price":50.23,"quantity":4,"region":"SA","ordertime":"2024-04-07 17:59:20.944"}
[main] INFO com.ibm.eventstreams.demos.mm2.ConsumerApplication - Topic: LH.ORDERS  /  Partition: 2  /  Offset: 1970  /  Timestamp: 2024-04-07 17:59:39  /  Data: {"id":"fa7149fe-76b3-4280-aae4-c6455ff778a3","customer":"Dorie D'Amore","customerid":"56074d80-512d-4993-a72f-c54946f84fc4","description":"XL Jeggings Jorts Jeans","price":32.79,"quantity":2,"region":"SA","ordertime":"2024-04-07 17:59:39.561"}
[main] INFO com.ibm.eventstreams.demos.mm2.ConsumerApplication - Topic: LH.CANCELLATIONS  /  Partition: 0  /  Offset: 40  /  Timestamp: 2024-04-07 16:39:20  /  Data: {"id":"c5bd82d1-ed3c-42ca-b68d-064a688f3b08","orderid":"49340f62-7854-45ec-82eb-632c6e965252","canceltime":"2024-04-07 16:39:20.597","reason":"CHANGEDMIND"}
[main] INFO com.ibm.eventstreams.demos.mm2.ConsumerApplication - Topic: LH.CANCELLATIONS  /  Partition: 0  /  Offset: 42  /  Timestamp: 2024-04-07 17:15:01  /  Data: {"id":"25050548-9739-4fa3-b70d-b2c869707a0b","orderid":"7a1e4782-34d9-4b95-a591-5adf2066085e","canceltime":"2024-04-07 17:15:01.244","reason":"CHANGEDMIND"}
[main] INFO com.ibm.eventstreams.demos.mm2.ConsumerApplication - Topic: LH.CANCELLATIONS  /  Partition: 0  /  Offset: 44  /  Timestamp: 2024-04-07 17:35:50  /  Data: {"id":"dcda8027-1d1b-436b-a546-a43f68552198","orderid":"87ee047d-6b20-4522-a3db-b5ae9d5d50ba","canceltime":"2024-04-07 17:35:50.104","reason":"CHANGEDMIND"}
[main] INFO com.ibm.eventstreams.demos.mm2.ConsumerApplication - Topic: LH.CANCELLATIONS  /  Partition: 0  /  Offset: 46  /  Timestamp: 2024-04-07 17:40:59  /  Data: {"id":"78568b58-77fd-49da-ab74-47711f53d569","orderid":"ffe116b1-002f-4369-8211-257ae78ee670","canceltime":"2024-04-07 17:40:59.401","reason":"BADFIT"}
[main] INFO com.ibm.eventstreams.demos.mm2.ConsumerApplication - Topic: LH.CANCELLATIONS  /  Partition: 0  /  Offset: 48  /  Timestamp: 2024-04-07 17:55:20  /  Data: {"id":"3446993c-10cb-4e12-8af3-b0d9bf86c041","orderid":"c609ed66-7079-4e19-ab7c-ef42eff2be45","canceltime":"2024-04-07 17:55:20.276","reason":"CHANGEDMIND"}
[main] INFO com.ibm.eventstreams.demos.mm2.ConsumerApplication - Topic: LH.CANCELLATIONS  /  Partition: 0  /  Offset: 50  /  Timestamp: 2024-04-07 17:55:52  /  Data: {"id":"51538f25-7e42-4f59-81dc-bcc91b5587f3","orderid":"3442baab-96d2-4674-bc71-f834671efd8f","canceltime":"2024-04-07 17:55:52.517","reason":"CHANGEDMIND"}
[main] INFO com.ibm.eventstreams.demos.mm2.ConsumerApplication - Topic: LH.STOCK  /  Partition: 1  /  Offset: 445  /  Timestamp: 2024-04-07 17:54:29  /  Data: {"movementid":"1172860d-77fc-48b5-b4e3-487ea84a7306","warehouse":"Bogotá","product":"M Denim Cargo Jeans","quantity":210,"updatetime":"2024-04-07 17:54:29.639"}
[main] INFO com.ibm.eventstreams.demos.mm2.ConsumerApplication - Topic: LH.STOCK  /  Partition: 1  /  Offset: 447  /  Timestamp: 2024-04-07 17:55:29  /  Data: {"movementid":"b05f3340-163c-4ab2-81aa-0bd27e596af2","warehouse":"SãoPaulo","product":"XL White Ripped Jeans","quantity":40,"updatetime":"2024-04-07 17:55:29.639"}
[main] INFO com.ibm.eventstreams.demos.mm2.ConsumerApplication - Topic: LH.CUSTOMERS  /  Partition: 0  /  Offset: 1551  /  Timestamp: 2024-04-07 17:54:49  /  Data: {"customerid":"1df7c894-4361-487e-b60b-71875129675c","customername":"Aurelio Bogisich","registered":"2024-04-07 17:54:49.560"}
[main] INFO com.ibm.eventstreams.demos.mm2.ConsumerApplication - Topic: LH.CUSTOMERS  /  Partition: 0  /  Offset: 1553  /  Timestamp: 2024-04-07 17:55:19  /  Data: {"customerid":"a16a8c5d-0332-4b00-8e31-d65db4670b77","customername":"Rolf Swaniawski","registered":"2024-04-07 17:55:19.560"}
[main] INFO com.ibm.eventstreams.demos.mm2.ConsumerApplication - Topic: LH.CUSTOMERS  /  Partition: 0  /  Offset: 1555  /  Timestamp: 2024-04-07 17:56:09  /  Data: {"customerid":"d028442c-aee3-4dbc-95d4-97f28682e67e","customername":"Theodore Mraz III","registered":"2024-04-07 17:56:09.560"}
[main] INFO com.ibm.eventstreams.demos.mm2.ConsumerApplication - Topic: LH.CUSTOMERS  /  Partition: 0  /  Offset: 1557  /  Timestamp: 2024-04-07 17:56:39  /  Data: {"customerid":"b0fcac3e-256b-43e6-8bce-654749f983fe","customername":"Zonia Christiansen","registered":"2024-04-07 17:56:39.560"}
[main] INFO com.ibm.eventstreams.demos.mm2.ConsumerApplication - Topic: LH.CUSTOMERS  /  Partition: 0  /  Offset: 1559  /  Timestamp: 2024-04-07 17:56:59  /  Data: {"customerid":"841f8f28-bc80-4d44-b131-1961103ac264","customername":"Mr. Angila Dooley","registered":"2024-04-07 17:56:59.560"}
[main] INFO com.ibm.eventstreams.demos.mm2.ConsumerApplication - Topic: LH.CUSTOMERS  /  Partition: 0  /  Offset: 1561  /  Timestamp: 2024-04-07 17:57:29  /  Data: {"customerid":"a7613aec-9217-4104-9387-ee18263cc319","customername":"Luna Hilll","registered":"2024-04-07 17:57:29.560"}
[main] INFO com.ibm.eventstreams.demos.mm2.ConsumerApplication - Topic: LH.CUSTOMERS  /  Partition: 0  /  Offset: 1563  /  Timestamp: 2024-04-07 17:57:39  /  Data: {"customerid":"72e3185e-840a-402e-9c67-2df79d3d881a","customername":"Amos Emard DVM","registered":"2024-04-07 17:57:39.560"}
[main] INFO com.ibm.eventstreams.demos.mm2.ConsumerApplication - Topic: LH.CUSTOMERS  /  Partition: 0  /  Offset: 1565  /  Timestamp: 2024-04-07 17:57:49  /  Data: {"customerid":"86c82153-ea4b-46e1-a843-b7f3160a0fdb","customername":"Rory Schroeder","registered":"2024-04-07 17:57:49.560"}
[main] INFO com.ibm.eventstreams.demos.mm2.ConsumerApplication - Topic: LH.CUSTOMERS  /  Partition: 0  /  Offset: 1567  /  Timestamp: 2024-04-07 17:58:29  /  Data: {"customerid":"3b145dfe-0aa1-49d3-9ddb-e999083c9ae8","customername":"Ms. Willard Beer","registered":"2024-04-07 17:58:29.560"}
[main] INFO com.ibm.eventstreams.demos.mm2.ConsumerApplication - Topic: LH.CUSTOMERS  /  Partition: 0  /  Offset: 1569  /  Timestamp: 2024-04-07 17:58:39  /  Data: {"customerid":"b53f2dc7-91ee-468c-a78a-849a96192dae","customername":"Merna Hand","registered":"2024-04-07 17:58:39.560"}
[main] INFO com.ibm.eventstreams.demos.mm2.ConsumerApplication - Topic: LH.CUSTOMERS  /  Partition: 0  /  Offset: 1571  /  Timestamp: 2024-04-07 17:58:59  /  Data: {"customerid":"64d66e4c-596f-4185-acd1-b74c013d90af","customername":"Zane Connelly I","registered":"2024-04-07 17:58:59.561"}
[main] INFO com.ibm.eventstreams.demos.mm2.ConsumerApplication - Topic: LH.SENSORS  /  Partition: 0  /  Offset: 2295  /  Timestamp: 2024-04-07 17:56:09  /  Data: {"sensortime":"Sun Apr 07 17:51:45 GMT 2024","sensorid":"B-3-18","temperature":23.2,"humidity":50}
[main] INFO com.ibm.eventstreams.demos.mm2.ConsumerApplication - Topic: LH.SENSORS  /  Partition: 0  /  Offset: 2297  /  Timestamp: 2024-04-07 17:56:19  /  Data: {"sensortime":"Sun Apr 07 17:55:56 GMT 2024","sensorid":"A-3-16","temperature":20.7,"humidity":41}
[main] INFO com.ibm.eventstreams.demos.mm2.ConsumerApplication - Topic: LH.SENSORS  /  Partition: 0  /  Offset: 2299  /  Timestamp: 2024-04-07 17:56:29  /  Data: {"sensortime":"Sun Apr 07 17:53:29 GMT 2024","sensorid":"DM-3-12","temperature":23.4,"humidity":54}
[main] INFO com.ibm.eventstreams.demos.mm2.ConsumerApplication - Topic: LH.SENSORS  /  Partition: 0  /  Offset: 2301  /  Timestamp: 2024-04-07 17:56:39  /  Data: {"sensortime":"Sun Apr 07 17:52:06 GMT 2024","sensorid":"H-1-15","temperature":21.7,"humidity":49}
[main] INFO com.ibm.eventstreams.demos.mm2.ConsumerApplication - Topic: LH.SENSORS  /  Partition: 0  /  Offset: 2303  /  Timestamp: 2024-04-07 17:56:49  /  Data: {"sensortime":"Sun Apr 07 17:55:59 GMT 2024","sensorid":"H-2-30","temperature":23.3,"humidity":54}
[main] INFO com.ibm.eventstreams.demos.mm2.ConsumerApplication - Topic: LH.SENSORS  /  Partition: 0  /  Offset: 2305  /  Timestamp: 2024-04-07 17:56:59  /  Data: {"sensortime":"Sun Apr 07 17:56:18 GMT 2024","sensorid":"DE-0-17","temperature":20.3,"humidity":56}
[main] INFO com.ibm.eventstreams.demos.mm2.ConsumerApplication - Topic: LH.SENSORS  /  Partition: 0  /  Offset: 2307  /  Timestamp: 2024-04-07 17:57:19  /  Data: {"sensortime":"Sun Apr 07 17:54:20 GMT 2024","sensorid":"A-2-14","temperature":21.6,"humidity":42}
[main] INFO com.ibm.eventstreams.demos.mm2.ConsumerApplication - Topic: LH.SENSORS  /  Partition: 0  /  Offset: 2309  /  Timestamp: 2024-04-07 17:57:39  /  Data: {"sensortime":"Sun Apr 07 17:55:10 GMT 2024","sensorid":"G-1-29","temperature":20.4,"humidity":43}
[main] INFO com.ibm.eventstreams.demos.mm2.ConsumerApplication - Topic: LH.SENSORS  /  Partition: 0  /  Offset: 2311  /  Timestamp: 2024-04-07 17:58:09  /  Data: {"sensortime":"Sun Apr 07 17:56:46 GMT 2024","sensorid":"B-2-13","temperature":20.8,"humidity":50}
[main] INFO com.ibm.eventstreams.demos.mm2.ConsumerApplication - Topic: LH.SENSORS  /  Partition: 0  /  Offset: 2313  /  Timestamp: 2024-04-07 17:58:29  /  Data: {"sensortime":"Sun Apr 07 17:56:32 GMT 2024","sensorid":"H-3-29","temperature":21.7,"humidity":52}
[main] INFO com.ibm.eventstreams.demos.mm2.ConsumerApplication - Topic: LH.SENSORS  /  Partition: 0  /  Offset: 2315  /  Timestamp: 2024-04-07 17:58:49  /  Data: {"sensortime":"Sun Apr 07 17:56:18 GMT 2024","sensorid":"DM-0-24","temperature":19.9,"humidity":56}
[main] INFO com.ibm.eventstreams.demos.mm2.ConsumerApplication - Topic: LH.SENSORS  /  Partition: 0  /  Offset: 2317  /  Timestamp: 2024-04-07 17:59:09  /  Data: {"sensortime":"Sun Apr 07 17:55:17 GMT 2024","sensorid":"DE-3-25","temperature":20.3,"humidity":49}
[main] INFO com.ibm.eventstreams.demos.mm2.ConsumerApplication - Topic: LH.SENSORS  /  Partition: 0  /  Offset: 2319  /  Timestamp: 2024-04-07 17:59:19  /  Data: {"sensortime":"Sun Apr 07 17:57:36 GMT 2024","sensorid":"G-0-19","temperature":19.8,"humidity":43}
[main] INFO com.ibm.eventstreams.demos.mm2.ConsumerApplication - Topic: LH.SENSORS  /  Partition: 0  /  Offset: 2321  /  Timestamp: 2024-04-07 17:59:29  /  Data: {"sensortime":"Sun Apr 07 17:59:05 GMT 2024","sensorid":"DE-0-17","temperature":20.6,"humidity":44}
[main] INFO com.ibm.eventstreams.demos.mm2.ConsumerApplication - Topic: LH.CANCELLATIONS  /  Partition: 1  /  Offset: 38  /  Timestamp: 2024-04-07 16:59:52  /  Data: {"id":"bbe27c63-ea03-41d3-b73e-bb17db9a2d10","orderid":"6b117a98-c5b3-45bc-be89-15dfb2bfbe1a","canceltime":"2024-04-07 16:59:52.949","reason":"CHANGEDMIND"}
[main] INFO com.ibm.eventstreams.demos.mm2.ConsumerApplication - Topic: LH.CANCELLATIONS  /  Partition: 1  /  Offset: 40  /  Timestamp: 2024-04-07 17:00:25  /  Data: {"id":"3270cd7b-6bdf-4f3c-b6df-1c5c78bef89e","orderid":"b1fda78f-c8e1-46e8-ae65-f99a1ed3e79c","canceltime":"2024-04-07 17:00:25.989","reason":"BADFIT"}
[main] INFO com.ibm.eventstreams.demos.mm2.ConsumerApplication - Topic: LH.CANCELLATIONS  /  Partition: 1  /  Offset: 42  /  Timestamp: 2024-04-07 17:13:36  /  Data: {"id":"18624112-5f2a-43ad-bc3a-1e725cb57d5d","orderid":"6a8a1f29-91e8-4fbb-8c57-2d2407286b3d","canceltime":"2024-04-07 17:13:36.936","reason":"BADFIT"}
[main] INFO com.ibm.eventstreams.demos.mm2.ConsumerApplication - Topic: LH.CANCELLATIONS  /  Partition: 1  /  Offset: 44  /  Timestamp: 2024-04-07 17:42:24  /  Data: {"id":"43103429-805c-4a89-8b06-9426f84199f0","orderid":"f26961b4-9f56-4da3-9120-947b4babae7f","canceltime":"2024-04-07 17:42:24.015","reason":"CHANGEDMIND"}
[main] INFO com.ibm.eventstreams.demos.mm2.ConsumerApplication - Topic: LH.CUSTOMERS  /  Partition: 1  /  Offset: 1503  /  Timestamp: 2024-04-07 17:55:49  /  Data: {"customerid":"d45c0b5a-3840-4bad-9e3a-b616a02a3116","customername":"Cedrick Kassulke","registered":"2024-04-07 17:55:49.560"}
[main] INFO com.ibm.eventstreams.demos.mm2.ConsumerApplication - Topic: LH.CUSTOMERS  /  Partition: 1  /  Offset: 1505  /  Timestamp: 2024-04-07 17:56:49  /  Data: {"customerid":"7be2e9cb-4974-4772-a717-643709c8ce40","customername":"Miss Lewis Krajcik","registered":"2024-04-07 17:56:49.560"}
[main] INFO com.ibm.eventstreams.demos.mm2.ConsumerApplication - Topic: LH.CUSTOMERS  /  Partition: 1  /  Offset: 1507  /  Timestamp: 2024-04-07 17:58:19  /  Data: {"customerid":"18b16cc3-9bac-4b55-8854-f27b62df5843","customername":"Doyle Bruen","registered":"2024-04-07 17:58:19.560"}
[main] INFO com.ibm.eventstreams.demos.mm2.ConsumerApplication - Topic: LH.CUSTOMERS  /  Partition: 1  /  Offset: 1509  /  Timestamp: 2024-04-07 17:59:09  /  Data: {"customerid":"cc644afd-ba17-49ec-812e-eebb420c830f","customername":"Mr. Jeannie Goyette","registered":"2024-04-07 17:59:09.560"}
[main] INFO com.ibm.eventstreams.demos.mm2.ConsumerApplication - Topic: LH.CUSTOMERS  /  Partition: 1  /  Offset: 1511  /  Timestamp: 2024-04-07 17:59:19  /  Data: {"customerid":"31a7d891-44e4-4e1a-b85d-c858c09ceec4","customername":"Joaquin Koelpin","registered":"2024-04-07 17:59:19.561"}
[main] INFO com.ibm.eventstreams.demos.mm2.ConsumerApplication - Topic: LH.ORDERS  /  Partition: 0  /  Offset: 1950  /  Timestamp: 2024-04-07 17:58:09  /  Data: {"id":"0ffae810-9370-4825-befb-b6b35febffe8","customer":"Leslie Murazik","customerid":"7a31e113-1ebf-4255-85cc-7187144c9b57","description":"XXL Black Boyfriend Jeans","price":26.03,"quantity":2,"region":"SA","ordertime":"2024-04-07 17:58:09.560"}
[main] INFO com.ibm.eventstreams.demos.mm2.ConsumerApplication - Topic: LH.ORDERS  /  Partition: 0  /  Offset: 1952  /  Timestamp: 2024-04-07 17:58:29  /  Data: {"id":"09e7219b-5c51-461a-84ab-2829f33e62d3","customer":"Arnoldo Kuvalis","customerid":"c2ad9e37-a762-4ea1-8157-a910b9e5dadc","description":"M Stonewashed Jogger Jeans","price":29.6,"quantity":3,"region":"SA","ordertime":"2024-04-07 17:58:29.560"}
[main] INFO com.ibm.eventstreams.demos.mm2.ConsumerApplication - Topic: LH.ORDERS  /  Partition: 0  /  Offset: 1954  /  Timestamp: 2024-04-07 17:58:44  /  Data: {"id":"b11579f8-d7c1-4219-93bd-181dbc895734","customer":"Delmy Kertzmann","customerid":"8050d578-046c-4dd7-8e51-070a2e04d801","description":"XL Khaki Boyfriend Jeans","price":19.71,"quantity":1,"region":"SA","ordertime":"2024-04-07 17:58:44.881"}
[main] INFO com.ibm.eventstreams.demos.mm2.ConsumerApplication - Topic: LH.ORDERS  /  Partition: 0  /  Offset: 1956  /  Timestamp: 2024-04-07 17:59:29  /  Data: {"id":"dcc3119e-0559-4498-bded-02d156f74855","customer":"Buffy VonRueden","customerid":"b213b92b-49be-44af-8040-88d90a815b83","description":"XS White Flare Jeans","price":48.68,"quantity":10,"region":"SA","ordertime":"2024-04-07 17:59:29.561"}
[main] INFO com.ibm.eventstreams.demos.mm2.ConsumerApplication - Topic: LH.STOCK  /  Partition: 1  /  Offset: 449  /  Timestamp: 2024-04-07 18:01:24  /  Data: {"movementid":"dacbc939-7e73-45cb-bda9-d79d9c698fab","warehouse":"SãoPaulo","product":"XXL Blue Tall Jeans","quantity":220,"updatetime":"2024-04-07 18:01:24.533"}
[main] INFO com.ibm.eventstreams.demos.mm2.ConsumerApplication - Topic: LH.ORDERS  /  Partition: 2  /  Offset: 1972  /  Timestamp: 2024-04-07 18:01:24  /  Data: {"id":"72f92634-9b2c-4874-870a-8a9b0e3d9d5a","customer":"Kris Simonis","customerid":"2520300f-e73c-492c-93fd-f2157c2ea738","description":"XXS Khaki Low-rise Jeans","price":27.09,"quantity":4,"region":"SA","ordertime":"2024-04-07 18:01:24.459"}
[main] INFO com.ibm.eventstreams.demos.mm2.ConsumerApplication - Topic: LH.ORDERS  /  Partition: 2  /  Offset: 1973  /  Timestamp: 2024-04-07 18:01:24  /  Data: {"id":"cbad94d9-d4c5-4431-b153-810d368cc5bb","customer":"Ms. Lacresha Christiansen","customerid":"ec019ef0-bfb8-419e-a26f-7e7534931d3f","description":"M Blue High-waist Jeans","price":55.01,"quantity":6,"region":"SA","ordertime":"2024-04-07 18:01:24.461"}
[main] INFO com.ibm.eventstreams.demos.mm2.ConsumerApplication - Topic: LH.CUSTOMERS  /  Partition: 2  /  Offset: 1626  /  Timestamp: 2024-04-07 18:01:24  /  Data: {"customerid":"7be11828-c2e6-4d69-9a80-a12b82e04348","customername":"Mrs. Dodie Lehner","registered":"2024-04-07 18:01:23.368"}
[main] INFO com.ibm.eventstreams.demos.mm2.ConsumerApplication - Topic: LH.DOORS  /  Partition: 0  /  Offset: 4710  /  Timestamp: 2024-04-07 18:01:24  /  Data: {"recordid":"ea28ef76-ddca-497e-af56-c6ba16000d84","door":"DM-3-29","employee":"jay.rice","badgetime":"2024-04-07 18:01:18.534"}
[main] INFO com.ibm.eventstreams.demos.mm2.ConsumerApplication - Topic: LH.SENSORS  /  Partition: 1  /  Offset: 2388  /  Timestamp: 2024-04-07 18:01:24  /  Data: {"sensortime":"Sun Apr 07 17:57:33 GMT 2024","sensorid":"DM-2-28","temperature":22.8,"humidity":43}
[main] INFO com.ibm.eventstreams.demos.mm2.ConsumerApplication - Topic: LH.DOORS  /  Partition: 0  /  Offset: 4711  /  Timestamp: 2024-04-07 18:01:33  /  Data: {"recordid":"f563ad1d-2a19-4caf-b172-9435eb03e96e","door":"G-2-55","employee":"ashton.russel","badgetime":"2024-04-07 18:01:14.374"}
[main] INFO com.ibm.eventstreams.demos.mm2.ConsumerApplication - Topic: LH.CUSTOMERS  /  Partition: 1  /  Offset: 1513  /  Timestamp: 2024-04-07 18:01:33  /  Data: {"customerid":"fbf19504-6faf-4781-8553-e5eff6dc3514","customername":"Dorotha Lynch","registered":"2024-04-07 18:01:33.367"}
[main] INFO com.ibm.eventstreams.demos.mm2.ConsumerApplication - Topic: LH.ORDERS  /  Partition: 0  /  Offset: 1958  /  Timestamp: 2024-04-07 18:01:33  /  Data: {"id":"45724b2a-0e04-4262-9afc-fc927e31a065","customer":"Ms. Vashti Wiegand","customerid":"a201e32f-f1ee-46c4-8bb7-b938aa109f5e","description":"XXL White Tall Jeans","price":36.45,"quantity":7,"region":"SA","ordertime":"2024-04-07 18:01:33.370"}
[main] INFO com.ibm.eventstreams.demos.mm2.ConsumerApplication - Topic: LH.SENSORS  /  Partition: 1  /  Offset: 2389  /  Timestamp: 2024-04-07 18:01:33  /  Data: {"sensortime":"Sun Apr 07 17:57:52 GMT 2024","sensorid":"DE-2-29","temperature":22.2,"humidity":44}
[main] INFO com.ibm.eventstreams.demos.mm2.ConsumerApplication - Topic: LH.ORDERS  /  Partition: 1  /  Offset: 1884  /  Timestamp: 2024-04-07 18:01:43  /  Data: {"id":"7077ce95-a044-4233-aab5-896a2944df15","customer":"Desire Hilpert","customerid":"d8ec4cda-9b57-4e3e-8cb5-8b0e72f22d6f","description":"S Navy Tall Jeans","price":33.75,"quantity":4,"region":"SA","ordertime":"2024-04-07 18:01:43.371"}
[main] INFO com.ibm.eventstreams.demos.mm2.ConsumerApplication - Topic: LH.CUSTOMERS  /  Partition: 0  /  Offset: 1573  /  Timestamp: 2024-04-07 18:01:43  /  Data: {"customerid":"d8698586-48ed-4221-818a-b458b67cf22e","customername":"Glynis Quigley DVM","registered":"2024-04-07 18:01:43.371"}
[main] INFO com.ibm.eventstreams.demos.mm2.ConsumerApplication - Topic: LH.DOORS  /  Partition: 0  /  Offset: 4712  /  Timestamp: 2024-04-07 18:01:43  /  Data: {"recordid":"45506d13-1942-4762-b0bb-b5fdfd0373d0","door":"H-3-28","employee":"apryl.stiedemann","badgetime":"2024-04-07 18:00:40.374"}
[main] INFO com.ibm.eventstreams.demos.mm2.ConsumerApplication - Topic: LH.SENSORS  /  Partition: 0  /  Offset: 2323  /  Timestamp: 2024-04-07 18:01:43  /  Data: {"sensortime":"Sun Apr 07 18:00:06 GMT 2024","sensorid":"DM-1-11","temperature":20.1,"humidity":57}
[main] INFO com.ibm.eventstreams.demos.mm2.ConsumerApplication - Topic: LH.CUSTOMERS  /  Partition: 0  /  Offset: 1574  /  Timestamp: 2024-04-07 18:01:53  /  Data: {"customerid":"4e99b71f-a259-4b45-9173-bc562ee75986","customername":"Eliseo Little","registered":"2024-04-07 18:01:53.368"}
[main] INFO com.ibm.eventstreams.demos.mm2.ConsumerApplication - Topic: LH.DOORS  /  Partition: 0  /  Offset: 4713  /  Timestamp: 2024-04-07 18:01:53  /  Data: {"recordid":"4c1d91bb-0341-4f25-84d9-3a90fb67b012","door":"H-1-48","employee":"enriqueta.streich","badgetime":"2024-04-07 18:01:27.373"}
[main] INFO com.ibm.eventstreams.demos.mm2.ConsumerApplication - Topic: LH.ORDERS  /  Partition: 2  /  Offset: 1974  /  Timestamp: 2024-04-07 18:01:53  /  Data: {"id":"1d3ae7ca-39e7-46f7-8474-4fb81a847539","customer":"Mr. Billye Kemmer","customerid":"93e297cc-f0a0-4f37-a622-238e354fe073","description":"M Classic Low-rise Jeans","price":43.47,"quantity":9,"region":"SA","ordertime":"2024-04-07 18:01:53.371"}
[main] INFO com.ibm.eventstreams.demos.mm2.ConsumerApplication - Topic: LH.SENSORS  /  Partition: 0  /  Offset: 2324  /  Timestamp: 2024-04-07 18:01:53  /  Data: {"sensortime":"Sun Apr 07 18:01:16 GMT 2024","sensorid":"A-2-24","temperature":22.2,"humidity":56}
[main] INFO com.ibm.eventstreams.demos.mm2.ConsumerApplication - Topic: LH.ORDERS  /  Partition: 2  /  Offset: 1975  /  Timestamp: 2024-04-07 18:02:03  /  Data: {"id":"801ba07a-331f-4513-b9bd-3c1b69994ccd","customer":"Paulina Batz","customerid":"bac53885-71b5-40aa-a473-6fe40c70d10b","description":"S Black Jorts Jeans","price":49.93,"quantity":6,"region":"SA","ordertime":"2024-04-07 18:02:03.369"}
[main] INFO com.ibm.eventstreams.demos.mm2.ConsumerApplication - Topic: LH.CUSTOMERS  /  Partition: 0  /  Offset: 1575  /  Timestamp: 2024-04-07 18:02:03  /  Data: {"customerid":"f09571f2-1d95-422e-a7b5-53341dcbb914","customername":"Chung Hegmann Sr.","registered":"2024-04-07 18:02:03.369"}
[main] INFO com.ibm.eventstreams.demos.mm2.ConsumerApplication - Topic: LH.DOORS  /  Partition: 0  /  Offset: 4714  /  Timestamp: 2024-04-07 18:02:03  /  Data: {"recordid":"dccfc8f0-0587-4e39-9f74-6f952941b0ed","door":"A-0-17","employee":"junko.sipes","badgetime":"2024-04-07 18:00:45.374"}
[main] INFO com.ibm.eventstreams.demos.mm2.ConsumerApplication - Topic: LH.SENSORS  /  Partition: 0  /  Offset: 2325  /  Timestamp: 2024-04-07 18:02:03  /  Data: {"sensortime":"Sun Apr 07 17:57:16 GMT 2024","sensorid":"A-3-25","temperature":21.2,"humidity":43}
[main] INFO com.ibm.eventstreams.demos.mm2.ConsumerApplication - Topic: LH.CUSTOMERS  /  Partition: 0  /  Offset: 1576  /  Timestamp: 2024-04-07 18:02:13  /  Data: {"customerid":"129f1fc1-c2b4-4284-b091-e7a55b364f2e","customername":"Roseline Swaniawski","registered":"2024-04-07 18:02:13.367"}
[main] INFO com.ibm.eventstreams.demos.mm2.ConsumerApplication - Topic: LH.ORDERS  /  Partition: 0  /  Offset: 1959  /  Timestamp: 2024-04-07 18:02:13  /  Data: {"id":"bafe72ff-b861-42ad-ad85-4d81443c1f66","customer":"Mr. Annabell Daugherty","customerid":"c4005041-7dc3-47d1-ae66-82281735f67f","description":"XL Denim Flare Jeans","price":32.6,"quantity":6,"region":"SA","ordertime":"2024-04-07 18:02:13.370"}
[main] INFO com.ibm.eventstreams.demos.mm2.ConsumerApplication - Topic: LH.DOORS  /  Partition: 0  /  Offset: 4715  /  Timestamp: 2024-04-07 18:02:13  /  Data: {"recordid":"8bec9843-b6ac-424a-b2ca-1e5a8eda0a3a","door":"DE-2-14","employee":"ione.russel","badgetime":"2024-04-07 18:00:41.373"}
[main] INFO com.ibm.eventstreams.demos.mm2.ConsumerApplication - Topic: LH.SENSORS  /  Partition: 1  /  Offset: 2390  /  Timestamp: 2024-04-07 18:02:13  /  Data: {"sensortime":"Sun Apr 07 17:59:00 GMT 2024","sensorid":"G-1-28","temperature":23.3,"humidity":43}
[main] INFO com.ibm.eventstreams.demos.mm2.ConsumerApplication - Topic: LH.ORDERS  /  Partition: 0  /  Offset: 1960  /  Timestamp: 2024-04-07 18:02:23  /  Data: {"id":"98b7dba4-a5e7-4805-8c53-66083d82b26f","customer":"Jestine Frami","customerid":"597466e3-a478-4cab-8fa9-8ea51356521f","description":"XS Khaki Straight-leg Jeans","price":37.1,"quantity":10,"region":"SA","ordertime":"2024-04-07 18:02:23.368"}
[main] INFO com.ibm.eventstreams.demos.mm2.ConsumerApplication - Topic: LH.CUSTOMERS  /  Partition: 0  /  Offset: 1577  /  Timestamp: 2024-04-07 18:02:23  /  Data: {"customerid":"a20b45d5-66a1-4d84-90a9-2ee1cce64d5d","customername":"Dr. Nery Herzog","registered":"2024-04-07 18:02:23.369"}
[main] INFO com.ibm.eventstreams.demos.mm2.ConsumerApplication - Topic: LH.STOCK  /  Partition: 0  /  Offset: 379  /  Timestamp: 2024-04-07 18:02:23  /  Data: {"movementid":"2537fd9d-7ee5-4211-b13b-2c0fb5e6f27c","warehouse":"SãoPaulo","product":"L Blue Skinny Jeans","quantity":100,"updatetime":"2024-04-07 18:02:23.372"}
[main] INFO com.ibm.eventstreams.demos.mm2.ConsumerApplication - Topic: LH.DOORS  /  Partition: 0  /  Offset: 4716  /  Timestamp: 2024-04-07 18:02:23  /  Data: {"recordid":"ec22e3e6-1ae7-44e6-8d26-879ff6b1736a","door":"B-1-42","employee":"lamonica.hickle","badgetime":"2024-04-07 18:00:42.373"}
[main] INFO com.ibm.eventstreams.demos.mm2.ConsumerApplication - Topic: LH.SENSORS  /  Partition: 1  /  Offset: 2391  /  Timestamp: 2024-04-07 18:02:23  /  Data: {"sensortime":"Sun Apr 07 18:01:45 GMT 2024","sensorid":"DM-1-25","temperature":21.8,"humidity":52}
[main] INFO com.ibm.eventstreams.demos.mm2.ConsumerApplication - Topic: LH.CUSTOMERS  /  Partition: 2  /  Offset: 1627  /  Timestamp: 2024-04-07 18:02:33  /  Data: {"customerid":"82ed3628-da00-468b-becd-1b7accaa0bff","customername":"Renee Sawayn","registered":"2024-04-07 18:02:33.368"}
[main] INFO com.ibm.eventstreams.demos.mm2.ConsumerApplication - Topic: LH.ORDERS  /  Partition: 1  /  Offset: 1885  /  Timestamp: 2024-04-07 18:02:33  /  Data: {"id":"86379a5c-95d6-4a1e-bb6e-106b2b3ddae1","customer":"Sherill Tromp","customerid":"30e8efcf-6ace-4803-8c3b-3503dbc6d22c","description":"XL Jeggings Mom Jeans","price":18.53,"quantity":9,"region":"SA","ordertime":"2024-04-07 18:02:33.370"}
[main] INFO com.ibm.eventstreams.demos.mm2.ConsumerApplication - Topic: LH.DOORS  /  Partition: 0  /  Offset: 4717  /  Timestamp: 2024-04-07 18:02:33  /  Data: {"recordid":"23a28a89-1834-475f-b86a-ef7ca637431c","door":"A-1-46","employee":"ezekiel.gislason","badgetime":"2024-04-07 18:01:04.374"}
[main] INFO com.ibm.eventstreams.demos.mm2.ConsumerApplication - Topic: LH.SENSORS  /  Partition: 0  /  Offset: 2326  /  Timestamp: 2024-04-07 18:02:33  /  Data: {"sensortime":"Sun Apr 07 17:59:37 GMT 2024","sensorid":"A-1-10","temperature":22.5,"humidity":45}
[main] INFO com.ibm.eventstreams.demos.mm2.ConsumerApplication - Topic: LH.CUSTOMERS  /  Partition: 2  /  Offset: 1628  /  Timestamp: 2024-04-07 18:02:43  /  Data: {"customerid":"33756e2b-71ea-4239-aa20-c318f98f4d7d","customername":"Shila Morissette","registered":"2024-04-07 18:02:43.367"}
[main] INFO com.ibm.eventstreams.demos.mm2.ConsumerApplication - Topic: LH.DOORS  /  Partition: 0  /  Offset: 4718  /  Timestamp: 2024-04-07 18:02:43  /  Data: {"recordid":"3d63c3dd-a519-4f01-83c2-df4f8e0e92c8","door":"G-3-13","employee":"kermit.west","badgetime":"2024-04-07 18:02:12.373"}
[main] INFO com.ibm.eventstreams.demos.mm2.ConsumerApplication - Topic: LH.ORDERS  /  Partition: 2  /  Offset: 1976  /  Timestamp: 2024-04-07 18:02:43  /  Data: {"id":"402aef33-fdb4-47d9-996b-dbff19dcff89","customer":"Milton Connelly I","customerid":"a6bc3797-8cd0-4af5-98dc-7e2a81317515","description":"L Black Jogger Jeans","price":45.41,"quantity":2,"region":"SA","ordertime":"2024-04-07 18:02:43.370"}
[main] INFO com.ibm.eventstreams.demos.mm2.ConsumerApplication - Topic: LH.SENSORS  /  Partition: 0  /  Offset: 2327  /  Timestamp: 2024-04-07 18:02:43  /  Data: {"sensortime":"Sun Apr 07 18:01:59 GMT 2024","sensorid":"DM-1-10","temperature":23.2,"humidity":43}
[main] INFO com.ibm.eventstreams.demos.mm2.ConsumerApplication - Topic: LH.CUSTOMERS  /  Partition: 0  /  Offset: 1578  /  Timestamp: 2024-04-07 18:02:53  /  Data: {"customerid":"d611b878-5bc5-4238-a6e5-9ca06e38f0ca","customername":"Joseph Fisher","registered":"2024-04-07 18:02:53.367"}
[main] INFO com.ibm.eventstreams.demos.mm2.ConsumerApplication - Topic: LH.ORDERS  /  Partition: 1  /  Offset: 1886  /  Timestamp: 2024-04-07 18:02:53  /  Data: {"id":"1250027f-e5eb-481f-98dd-6f445ab2b77f","customer":"Tanesha Spencer","customerid":"6ee3c3c6-d32e-4307-8977-d86586a1b9ca","description":"XS Classic Skinny Jeans","price":51.16,"quantity":8,"region":"SA","ordertime":"2024-04-07 18:02:53.370"}
[main] INFO com.ibm.eventstreams.demos.mm2.ConsumerApplication - Topic: LH.DOORS  /  Partition: 0  /  Offset: 4719  /  Timestamp: 2024-04-07 18:02:53  /  Data: {"recordid":"4e45b434-2a3c-4f4f-bafe-32b7a26f74d4","door":"DE-2-12","employee":"rosalba.flatley","badgetime":"2024-04-07 18:02:49.373"}
[main] INFO com.ibm.eventstreams.demos.mm2.ConsumerApplication - Topic: LH.SENSORS  /  Partition: 1  /  Offset: 2392  /  Timestamp: 2024-04-07 18:02:53  /  Data: {"sensortime":"Sun Apr 07 17:59:10 GMT 2024","sensorid":"G-2-30","temperature":22.8,"humidity":59}
[main] INFO com.ibm.eventstreams.demos.mm2.ConsumerApplication - Topic: LH.CUSTOMERS  /  Partition: 2  /  Offset: 1629  /  Timestamp: 2024-04-07 18:03:03  /  Data: {"customerid":"11e5e151-2d1b-4e06-9dbe-d6d766e28aa7","customername":"Nick Schamberger","registered":"2024-04-07 18:03:03.367"}
[main] INFO com.ibm.eventstreams.demos.mm2.ConsumerApplication - Topic: LH.ORDERS  /  Partition: 1  /  Offset: 1887  /  Timestamp: 2024-04-07 18:03:03  /  Data: {"id":"6bca04fc-4384-434c-8fed-05a5152278cf","customer":"Truman Rempel","customerid":"b2787b78-240e-41a0-b6ad-3fc14f6ec4ea","description":"XL Blue Bootcut Jeans","price":22.59,"quantity":8,"region":"SA","ordertime":"2024-04-07 18:03:03.369"}
[main] INFO com.ibm.eventstreams.demos.mm2.ConsumerApplication - Topic: LH.DOORS  /  Partition: 0  /  Offset: 4720  /  Timestamp: 2024-04-07 18:03:03  /  Data: {"recordid":"ad04cd6e-34cf-4c66-a526-1bc8edd97746","door":"A-3-51","employee":"barton.abshire","badgetime":"2024-04-07 18:00:22.373"}
[main] INFO com.ibm.eventstreams.demos.mm2.ConsumerApplication - Topic: LH.SENSORS  /  Partition: 0  /  Offset: 2328  /  Timestamp: 2024-04-07 18:03:03  /  Data: {"sensortime":"Sun Apr 07 17:58:22 GMT 2024","sensorid":"H-2-15","temperature":21.9,"humidity":49}
[main] INFO com.ibm.eventstreams.demos.mm2.ConsumerApplication - Topic: LH.CUSTOMERS  /  Partition: 2  /  Offset: 1630  /  Timestamp: 2024-04-07 18:03:13  /  Data: {"customerid":"9161a1b0-147f-4d2d-9631-c4d8854b1544","customername":"Ozzie Purdy","registered":"2024-04-07 18:03:13.367"}
[main] INFO com.ibm.eventstreams.demos.mm2.ConsumerApplication - Topic: LH.ORDERS  /  Partition: 1  /  Offset: 1888  /  Timestamp: 2024-04-07 18:03:13  /  Data: {"id":"42ffc106-eb5b-452e-8439-5fe386a01f69","customer":"Nickolas Kovacek III","customerid":"55d249da-8376-4c23-bc4e-6ae38fb6faa7","description":"XXS Stonewashed Jorts Jeans","price":49.58,"quantity":3,"region":"SA","ordertime":"2024-04-07 18:03:13.370"}
[main] INFO com.ibm.eventstreams.demos.mm2.ConsumerApplication - Topic: LH.DOORS  /  Partition: 0  /  Offset: 4721  /  Timestamp: 2024-04-07 18:03:13  /  Data: {"recordid":"d6e19822-6c6c-43ef-a48c-86d9e0e36564","door":"G-1-50","employee":"concetta.white","badgetime":"2024-04-07 18:02:42.373"}
[main] INFO com.ibm.eventstreams.demos.mm2.ConsumerApplication - Topic: LH.SENSORS  /  Partition: 0  /  Offset: 2329  /  Timestamp: 2024-04-07 18:03:13  /  Data: {"sensortime":"Sun Apr 07 18:01:33 GMT 2024","sensorid":"H-0-29","temperature":23.0,"humidity":53}
[main] INFO com.ibm.eventstreams.demos.mm2.ConsumerApplication - Topic: LH.CUSTOMERS  /  Partition: 2  /  Offset: 1631  /  Timestamp: 2024-04-07 18:03:23  /  Data: {"customerid":"b278f662-c947-46d9-b5bb-a740bfbd2f99","customername":"Mrs. Johnathon Reinger","registered":"2024-04-07 18:03:23.367"}
[main] INFO com.ibm.eventstreams.demos.mm2.ConsumerApplication - Topic: LH.STOCK  /  Partition: 1  /  Offset: 450  /  Timestamp: 2024-04-07 18:03:23  /  Data: {"movementid":"1f7b4086-b6cf-4aa6-97a4-92fca6d41855","warehouse":"SãoPaulo","product":"XXS Black Boyfriend Jeans","quantity":250,"updatetime":"2024-04-07 18:03:23.372"}
[main] INFO com.ibm.eventstreams.demos.mm2.ConsumerApplication - Topic: LH.DOORS  /  Partition: 0  /  Offset: 4722  /  Timestamp: 2024-04-07 18:03:23  /  Data: {"recordid":"16b6c2ae-f8bb-4fc3-95df-d6c72d567b80","door":"DM-3-55","employee":"lorelei.barrows","badgetime":"2024-04-07 18:01:52.373"}
[main] INFO com.ibm.eventstreams.demos.mm2.ConsumerApplication - Topic: LH.ORDERS  /  Partition: 2  /  Offset: 1977  /  Timestamp: 2024-04-07 18:03:23  /  Data: {"id":"e05957b2-4650-4eed-8c9a-76fee7c4f916","customer":"Demarcus Kihn","customerid":"648c0191-0068-478c-aa82-cf58a942f2d5","description":"XXL Blue Mom Jeans","price":28.13,"quantity":1,"region":"SA","ordertime":"2024-04-07 18:03:23.371"}
[main] INFO com.ibm.eventstreams.demos.mm2.ConsumerApplication - Topic: LH.SENSORS  /  Partition: 0  /  Offset: 2330  /  Timestamp: 2024-04-07 18:03:23  /  Data: {"sensortime":"Sun Apr 07 18:03:23 GMT 2024","sensorid":"DE-3-23","temperature":20.0,"humidity":55}
[main] INFO com.ibm.eventstreams.demos.mm2.ConsumerApplication - Topic: LH.ORDERS  /  Partition: 0  /  Offset: 1961  /  Timestamp: 2024-04-07 18:03:33  /  Data: {"id":"970720e3-44fb-40ea-ade4-2335eab0cc45","customer":"Tim Grant","customerid":"7e9b2072-575a-40b6-8728-aa07e935455b","description":"XS Acid-washed Boyfriend Jeans","price":24.18,"quantity":8,"region":"SA","ordertime":"2024-04-07 18:03:33.369"}
[main] INFO com.ibm.eventstreams.demos.mm2.ConsumerApplication - Topic: LH.CUSTOMERS  /  Partition: 1  /  Offset: 1514  /  Timestamp: 2024-04-07 18:03:33  /  Data: {"customerid":"c4d70da1-f458-4267-ad87-545070ce9faf","customername":"Dr. Madeleine Jacobson","registered":"2024-04-07 18:03:33.370"}
[main] INFO com.ibm.eventstreams.demos.mm2.ConsumerApplication - Topic: LH.DOORS  /  Partition: 0  /  Offset: 4723  /  Timestamp: 2024-04-07 18:03:33  /  Data: {"recordid":"6e48d3a0-5912-4604-b3e8-7654266a1ef0","door":"DE-1-32","employee":"erwin.tillman","badgetime":"2024-04-07 18:02:28.373"}
[main] INFO com.ibm.eventstreams.demos.mm2.ConsumerApplication - Topic: LH.SENSORS  /  Partition: 0  /  Offset: 2331  /  Timestamp: 2024-04-07 18:03:33  /  Data: {"sensortime":"Sun Apr 07 18:01:39 GMT 2024","sensorid":"H-2-25","temperature":20.9,"humidity":41}
[main] INFO com.ibm.eventstreams.demos.mm2.ConsumerApplication - Topic: LH.CUSTOMERS  /  Partition: 0  /  Offset: 1579  /  Timestamp: 2024-04-07 18:03:43  /  Data: {"customerid":"1044dc12-f771-4f28-b19c-a970bf2f7f4a","customername":"Miss Shandi Friesen","registered":"2024-04-07 18:03:43.367"}
[main] INFO com.ibm.eventstreams.demos.mm2.ConsumerApplication - Topic: LH.ORDERS  /  Partition: 2  /  Offset: 1978  /  Timestamp: 2024-04-07 18:03:43  /  Data: {"id":"a75bb025-053c-42c7-b464-b8c7ec600865","customer":"Emmitt Marvin","customerid":"c24e9f1a-5b0a-4e57-ba8b-5222813d819f","description":"M Denim Flare Jeans","price":25.04,"quantity":5,"region":"SA","ordertime":"2024-04-07 18:03:43.370"}
[main] INFO com.ibm.eventstreams.demos.mm2.ConsumerApplication - Topic: LH.DOORS  /  Partition: 0  /  Offset: 4724  /  Timestamp: 2024-04-07 18:03:43  /  Data: {"recordid":"df02fda1-7bc5-4c55-be70-0fddb0b79b14","door":"G-3-33","employee":"adrienne.hilll","badgetime":"2024-04-07 18:01:38.374"}
[main] INFO com.ibm.eventstreams.demos.mm2.ConsumerApplication - Topic: LH.SENSORS  /  Partition: 1  /  Offset: 2393  /  Timestamp: 2024-04-07 18:03:43  /  Data: {"sensortime":"Sun Apr 07 18:00:16 GMT 2024","sensorid":"DM-1-18","temperature":21.1,"humidity":42}
[main] INFO com.ibm.eventstreams.demos.mm2.ConsumerApplication - Topic: LH.ORDERS  /  Partition: 0  /  Offset: 1962  /  Timestamp: 2024-04-07 18:03:53  /  Data: {"id":"d144f4fa-0c3f-48e7-97a5-e003ca1d3a3c","customer":"Kayleigh Jacobs III","customerid":"91ebadd7-5e64-4b0a-912f-7109ffa01c52","description":"S Acid-washed Tall Jeans","price":58.48,"quantity":8,"region":"SA","ordertime":"2024-04-07 18:03:53.368"}
[main] INFO com.ibm.eventstreams.demos.mm2.ConsumerApplication - Topic: LH.CUSTOMERS  /  Partition: 1  /  Offset: 1515  /  Timestamp: 2024-04-07 18:03:53  /  Data: {"customerid":"063aa237-951b-4544-af2d-eac448ad780d","customername":"Ms. Carma Monahan","registered":"2024-04-07 18:03:53.369"}
[main] INFO com.ibm.eventstreams.demos.mm2.ConsumerApplication - Topic: LH.DOORS  /  Partition: 0  /  Offset: 4725  /  Timestamp: 2024-04-07 18:03:53  /  Data: {"recordid":"41839fe4-f783-47b3-be15-1523c71e9bda","door":"B-1-22","employee":"latrisha.hermiston","badgetime":"2024-04-07 18:02:09.373"}
[main] INFO com.ibm.eventstreams.demos.mm2.ConsumerApplication - Topic: LH.SENSORS  /  Partition: 1  /  Offset: 2394  /  Timestamp: 2024-04-07 18:03:53  /  Data: {"sensortime":"Sun Apr 07 18:01:11 GMT 2024","sensorid":"DE-3-26","temperature":20.6,"humidity":53}
[main] INFO com.ibm.eventstreams.demos.mm2.ConsumerApplication - Topic: LH.CUSTOMERS  /  Partition: 1  /  Offset: 1516  /  Timestamp: 2024-04-07 18:04:03  /  Data: {"customerid":"b5dc8809-7d14-4744-9ae9-4e0611d287e6","customername":"Meg Johnson","registered":"2024-04-07 18:04:03.367"}
[main] INFO com.ibm.eventstreams.demos.mm2.ConsumerApplication - Topic: LH.ORDERS  /  Partition: 2  /  Offset: 1979  /  Timestamp: 2024-04-07 18:04:03  /  Data: {"id":"d925a7d6-34ad-4154-8839-4409e4fce353","customer":"Rosina Heidenreich","customerid":"312ba85b-3243-4769-8394-92bb105b8c02","description":"M Black Bootcut Jeans","price":16.32,"quantity":5,"region":"SA","ordertime":"2024-04-07 18:04:03.369"}
[main] INFO com.ibm.eventstreams.demos.mm2.ConsumerApplication - Topic: LH.DOORS  /  Partition: 0  /  Offset: 4726  /  Timestamp: 2024-04-07 18:04:03  /  Data: {"recordid":"f2d87f64-737f-45f0-876b-df5bae21cadd","door":"G-0-41","employee":"romelia.gutkowski","badgetime":"2024-04-07 18:03:03.373"}
[main] INFO com.ibm.eventstreams.demos.mm2.ConsumerApplication - Topic: LH.SENSORS  /  Partition: 0  /  Offset: 2332  /  Timestamp: 2024-04-07 18:04:03  /  Data: {"sensortime":"Sun Apr 07 18:01:47 GMT 2024","sensorid":"B-1-23","temperature":23.0,"humidity":42}
[main] INFO com.ibm.eventstreams.demos.mm2.ConsumerApplication - Topic: LH.ORDERS  /  Partition: 2  /  Offset: 1980  /  Timestamp: 2024-04-07 18:04:13  /  Data: {"id":"08f987d9-89cf-4c37-95a4-a4598f937ba4","customer":"Sonya Bergnaum","customerid":"5b6b3496-e406-4b75-9986-90f1e94b1d12","description":"XXL Denim Mom Jeans","price":46.49,"quantity":8,"region":"SA","ordertime":"2024-04-07 18:04:13.369"}
[main] INFO com.ibm.eventstreams.demos.mm2.ConsumerApplication - Topic: LH.CUSTOMERS  /  Partition: 2  /  Offset: 1632  /  Timestamp: 2024-04-07 18:04:13  /  Data: {"customerid":"50171554-93a4-499b-a60e-9ebe8ed7d016","customername":"Sigrid Wintheiser","registered":"2024-04-07 18:04:13.369"}
[main] INFO com.ibm.eventstreams.demos.mm2.ConsumerApplication - Topic: LH.DOORS  /  Partition: 0  /  Offset: 4727  /  Timestamp: 2024-04-07 18:04:13  /  Data: {"recordid":"4718fb31-6a33-495d-af8c-391470553b5b","door":"A-2-13","employee":"mica.connelly","badgetime":"2024-04-07 18:01:24.373"}
[main] INFO com.ibm.eventstreams.demos.mm2.ConsumerApplication - Topic: LH.SENSORS  /  Partition: 1  /  Offset: 2395  /  Timestamp: 2024-04-07 18:04:13  /  Data: {"sensortime":"Sun Apr 07 18:02:31 GMT 2024","sensorid":"DM-3-10","temperature":23.2,"humidity":41}
[main] INFO com.ibm.eventstreams.demos.mm2.ConsumerApplication - Topic: LH.CUSTOMERS  /  Partition: 2  /  Offset: 1633  /  Timestamp: 2024-04-07 18:04:23  /  Data: {"customerid":"b6dc2de7-636e-429a-a082-6da96c35c20a","customername":"Dana Boyle","registered":"2024-04-07 18:04:23.367"}
[main] INFO com.ibm.eventstreams.demos.mm2.ConsumerApplication - Topic: LH.ORDERS  /  Partition: 0  /  Offset: 1963  /  Timestamp: 2024-04-07 18:04:23  /  Data: {"id":"bf6224e1-e727-4ca6-88f7-6f0dcbbeac11","customer":"Ramon Kris","customerid":"a7c98e8a-94ff-4b5d-80c4-4ad6231a343f","description":"M Blue Mom Jeans","price":27.79,"quantity":3,"region":"SA","ordertime":"2024-04-07 18:04:23.370"}
[main] INFO com.ibm.eventstreams.demos.mm2.ConsumerApplication - Topic: LH.STOCK  /  Partition: 0  /  Offset: 380  /  Timestamp: 2024-04-07 18:04:23  /  Data: {"movementid":"813f7b8c-1848-4f4f-84b2-f98a50ef73fd","warehouse":"Lima","product":"XXS Blue Straight-leg Jeans","quantity":360,"updatetime":"2024-04-07 18:04:23.370"}
[main] INFO com.ibm.eventstreams.demos.mm2.ConsumerApplication - Topic: LH.DOORS  /  Partition: 0  /  Offset: 4728  /  Timestamp: 2024-04-07 18:04:23  /  Data: {"recordid":"41b30469-1641-4fb2-afcd-95010edd245c","door":"G-1-48","employee":"hee.rempel","badgetime":"2024-04-07 18:03:06.373"}
[main] INFO com.ibm.eventstreams.demos.mm2.ConsumerApplication - Topic: LH.SENSORS  /  Partition: 0  /  Offset: 2333  /  Timestamp: 2024-04-07 18:04:23  /  Data: {"sensortime":"Sun Apr 07 18:00:36 GMT 2024","sensorid":"DM-1-12","temperature":22.0,"humidity":55}
[main] INFO com.ibm.eventstreams.demos.mm2.ConsumerApplication - Topic: LH.ORDERS  /  Partition: 1  /  Offset: 1889  /  Timestamp: 2024-04-07 18:04:33  /  Data: {"id":"b0ae79fa-20d1-4cf8-9763-1f119172e14f","customer":"Deidre Mayert","customerid":"717d9b56-ea3a-4679-84aa-0fcdc03fab9d","description":"XXS White Low-rise Jeans","price":19.75,"quantity":7,"region":"SA","ordertime":"2024-04-07 18:04:33.368"}
[main] INFO com.ibm.eventstreams.demos.mm2.ConsumerApplication - Topic: LH.CUSTOMERS  /  Partition: 0  /  Offset: 1580  /  Timestamp: 2024-04-07 18:04:33  /  Data: {"customerid":"e9a41150-a2a6-4440-9802-6b3d237ae12f","customername":"Paris Schiller","registered":"2024-04-07 18:04:33.369"}
[main] INFO com.ibm.eventstreams.demos.mm2.ConsumerApplication - Topic: LH.DOORS  /  Partition: 0  /  Offset: 4729  /  Timestamp: 2024-04-07 18:04:33  /  Data: {"recordid":"7ededb07-b8f8-4a7d-8fe3-d5298ce017e6","door":"DM-1-26","employee":"pearlene.gusikowski","badgetime":"2024-04-07 18:03:50.374"}
[main] INFO com.ibm.eventstreams.demos.mm2.ConsumerApplication - Topic: LH.SENSORS  /  Partition: 1  /  Offset: 2396  /  Timestamp: 2024-04-07 18:04:33  /  Data: {"sensortime":"Sun Apr 07 18:02:53 GMT 2024","sensorid":"G-0-23","temperature":19.9,"humidity":47}
[main] INFO com.ibm.eventstreams.demos.mm2.ConsumerApplication - Topic: LH.ORDERS  /  Partition: 1  /  Offset: 1890  /  Timestamp: 2024-04-07 18:04:43  /  Data: {"id":"aeee889e-50cb-46cd-acba-8fc57fd85ac3","customer":"Cherise King","customerid":"41fc7a86-9735-47c5-8c87-4be367d64a3c","description":"S Khaki Mom Jeans","price":22.82,"quantity":4,"region":"SA","ordertime":"2024-04-07 18:04:43.368"}
[main] INFO com.ibm.eventstreams.demos.mm2.ConsumerApplication - Topic: LH.CUSTOMERS  /  Partition: 0  /  Offset: 1581  /  Timestamp: 2024-04-07 18:04:43  /  Data: {"customerid":"963f4b3a-41cf-4d4d-adcf-c41026d2fd40","customername":"Dion Hackett","registered":"2024-04-07 18:04:43.369"}
[main] INFO com.ibm.eventstreams.demos.mm2.ConsumerApplication - Topic: LH.DOORS  /  Partition: 0  /  Offset: 4730  /  Timestamp: 2024-04-07 18:04:43  /  Data: {"recordid":"c5e14896-4110-4577-99a8-f3d75bb508c2","door":"H-3-14","employee":"harriette.pfannerstill","badgetime":"2024-04-07 18:02:00.373"}
[main] INFO com.ibm.eventstreams.demos.mm2.ConsumerApplication - Topic: LH.SENSORS  /  Partition: 1  /  Offset: 2397  /  Timestamp: 2024-04-07 18:04:43  /  Data: {"sensortime":"Sun Apr 07 18:02:09 GMT 2024","sensorid":"G-3-24","temperature":19.5,"humidity":56}
[main] INFO com.ibm.eventstreams.demos.mm2.ConsumerApplication - Topic: LH.ORDERS  /  Partition: 1  /  Offset: 1891  /  Timestamp: 2024-04-07 18:04:53  /  Data: {"id":"34537131-8c6e-40a7-8179-f17ec2e35ab4","customer":"Albert Lang","customerid":"73f94d18-d327-4ddf-b190-1fa0589f4a0f","description":"S Stonewashed Crochet Jeans","price":17.21,"quantity":9,"region":"SA","ordertime":"2024-04-07 18:04:53.370"}
[main] INFO com.ibm.eventstreams.demos.mm2.ConsumerApplication - Topic: LH.CUSTOMERS  /  Partition: 2  /  Offset: 1634  /  Timestamp: 2024-04-07 18:04:53  /  Data: {"customerid":"022e05fb-3486-4af1-b44b-203d3a0e21ad","customername":"Ivory Blanda","registered":"2024-04-07 18:04:53.370"}
[main] INFO com.ibm.eventstreams.demos.mm2.ConsumerApplication - Topic: LH.DOORS  /  Partition: 0  /  Offset: 4731  /  Timestamp: 2024-04-07 18:04:53  /  Data: {"recordid":"5c6668c4-37ce-4ea8-ac4b-13f8988b3b2d","door":"DE-3-53","employee":"bulah.stiedemann","badgetime":"2024-04-07 18:04:16.374"}
[main] INFO com.ibm.eventstreams.demos.mm2.ConsumerApplication - Topic: LH.SENSORS  /  Partition: 0  /  Offset: 2334  /  Timestamp: 2024-04-07 18:04:53  /  Data: {"sensortime":"Sun Apr 07 18:02:32 GMT 2024","sensorid":"H-1-11","temperature":20.1,"humidity":59}
[main] INFO com.ibm.eventstreams.demos.mm2.ConsumerApplication - Topic: LH.ORDERS  /  Partition: 2  /  Offset: 1981  /  Timestamp: 2024-04-07 18:05:03  /  Data: {"id":"c86dace2-b4c0-4994-9a11-8822f1935217","customer":"Coralee Collins","customerid":"a27ef6a8-fd7b-400c-b320-8ef28ad2af11","description":"XS Navy Wide-leg Jeans","price":55.82,"quantity":10,"region":"SA","ordertime":"2024-04-07 18:05:03.368"}
[main] INFO com.ibm.eventstreams.demos.mm2.ConsumerApplication - Topic: LH.CUSTOMERS  /  Partition: 2  /  Offset: 1635  /  Timestamp: 2024-04-07 18:05:03  /  Data: {"customerid":"aa26acd3-b9f2-40af-8062-67f7af7106e4","customername":"Rozanne Gusikowski II","registered":"2024-04-07 18:05:03.368"}
[main] INFO com.ibm.eventstreams.demos.mm2.ConsumerApplication - Topic: LH.DOORS  /  Partition: 0  /  Offset: 4732  /  Timestamp: 2024-04-07 18:05:03  /  Data: {"recordid":"475a738d-626a-4d4f-8fa2-f79d7407fa4d","door":"DE-3-58","employee":"floyd.wolf","badgetime":"2024-04-07 18:02:56.373"}
[main] INFO com.ibm.eventstreams.demos.mm2.ConsumerApplication - Topic: LH.SENSORS  /  Partition: 0  /  Offset: 2335  /  Timestamp: 2024-04-07 18:05:03  /  Data: {"sensortime":"Sun Apr 07 18:03:30 GMT 2024","sensorid":"B-0-26","temperature":23.4,"humidity":58}
[main] INFO com.ibm.eventstreams.demos.mm2.ConsumerApplication - Topic: LH.CUSTOMERS  /  Partition: 1  /  Offset: 1517  /  Timestamp: 2024-04-07 18:05:13  /  Data: {"customerid":"8d08e888-e4f9-42bd-a5e8-f5c2aa1d4f74","customername":"Justin Kuphal DVM","registered":"2024-04-07 18:05:13.369"}
[main] INFO com.ibm.eventstreams.demos.mm2.ConsumerApplication - Topic: LH.ORDERS  /  Partition: 0  /  Offset: 1964  /  Timestamp: 2024-04-07 18:05:13  /  Data: {"id":"58b9b0c3-66b3-41a4-975f-6c893ab1d853","customer":"Francisco Hansen","customerid":"101ca32e-81f4-421b-8e62-6c9d91e79222","description":"M Classic High-waist Jeans","price":43.22,"quantity":3,"region":"SA","ordertime":"2024-04-07 18:05:13.369"}
[main] INFO com.ibm.eventstreams.demos.mm2.ConsumerApplication - Topic: LH.DOORS  /  Partition: 0  /  Offset: 4733  /  Timestamp: 2024-04-07 18:05:13  /  Data: {"recordid":"b9054453-1d3e-4bba-acee-420fc75bf829","door":"H-0-60","employee":"deshawn.lubowitz","badgetime":"2024-04-07 18:05:00.373"}
[main] INFO com.ibm.eventstreams.demos.mm2.ConsumerApplication - Topic: LH.SENSORS  /  Partition: 0  /  Offset: 2336  /  Timestamp: 2024-04-07 18:05:13  /  Data: {"sensortime":"Sun Apr 07 18:01:32 GMT 2024","sensorid":"G-0-16","temperature":20.2,"humidity":53}
[main] INFO com.ibm.eventstreams.demos.mm2.ConsumerApplication - Topic: LH.ORDERS  /  Partition: 1  /  Offset: 1892  /  Timestamp: 2024-04-07 18:05:23  /  Data: {"id":"4eee285e-371c-4edc-8995-8b99374d9a5a","customer":"Brendan Powlowski","customerid":"3490103a-05ad-4133-b882-841f9f2fd9c9","description":"M Blue Bootcut Jeans","price":55.71,"quantity":6,"region":"SA","ordertime":"2024-04-07 18:05:23.368"}
[main] INFO com.ibm.eventstreams.demos.mm2.ConsumerApplication - Topic: LH.STOCK  /  Partition: 1  /  Offset: 451  /  Timestamp: 2024-04-07 18:05:23  /  Data: {"movementid":"140f38c9-2881-4bad-95cd-2dfe85de636e","warehouse":"SãoPaulo","product":"XS Classic Tall Jeans","quantity":310,"updatetime":"2024-04-07 18:05:23.370"}
[main] INFO com.ibm.eventstreams.demos.mm2.ConsumerApplication - Topic: LH.DOORS  /  Partition: 0  /  Offset: 4734  /  Timestamp: 2024-04-07 18:05:23  /  Data: {"recordid":"90774f3b-661b-4a51-88dd-4e27ed42a944","door":"H-3-44","employee":"raphael.jacobs","badgetime":"2024-04-07 18:04:14.374"}
[main] INFO com.ibm.eventstreams.demos.mm2.ConsumerApplication - Topic: LH.CUSTOMERS  /  Partition: 2  /  Offset: 1636  /  Timestamp: 2024-04-07 18:05:23  /  Data: {"customerid":"bbcfc7f4-1206-4664-a34f-5ead778f5902","customername":"Rudolf Veum","registered":"2024-04-07 18:05:23.369"}
[main] INFO com.ibm.eventstreams.demos.mm2.ConsumerApplication - Topic: LH.SENSORS  /  Partition: 1  /  Offset: 2398  /  Timestamp: 2024-04-07 18:05:23  /  Data: {"sensortime":"Sun Apr 07 18:03:48 GMT 2024","sensorid":"B-2-29","temperature":20.1,"humidity":46}
[main] INFO com.ibm.eventstreams.demos.mm2.ConsumerApplication - Topic: LH.DOORS  /  Partition: 0  /  Offset: 4735  /  Timestamp: 2024-04-07 18:05:33  /  Data: {"recordid":"838b3186-6afc-42a2-9643-63fc115530c7","door":"DM-1-49","employee":"lucien.oberbrunner","badgetime":"2024-04-07 18:02:48.373"}
[main] INFO com.ibm.eventstreams.demos.mm2.ConsumerApplication - Topic: LH.CUSTOMERS  /  Partition: 1  /  Offset: 1518  /  Timestamp: 2024-04-07 18:05:33  /  Data: {"customerid":"b609e5b5-b356-4e95-8808-67278e6e4943","customername":"Tomoko Pagac","registered":"2024-04-07 18:05:33.367"}
[main] INFO com.ibm.eventstreams.demos.mm2.ConsumerApplication - Topic: LH.ORDERS  /  Partition: 0  /  Offset: 1965  /  Timestamp: 2024-04-07 18:05:33  /  Data: {"id":"6d53084a-d35a-4df8-921a-5edf9082a66e","customer":"Jerica Hegmann","customerid":"dcdeeb74-3e3e-48b8-8a27-0932525187de","description":"M Black Capri Jeans","price":21.21,"quantity":1,"region":"SA","ordertime":"2024-04-07 18:05:33.370"}
[main] INFO com.ibm.eventstreams.demos.mm2.ConsumerApplication - Topic: LH.SENSORS  /  Partition: 0  /  Offset: 2337  /  Timestamp: 2024-04-07 18:05:33  /  Data: {"sensortime":"Sun Apr 07 18:00:44 GMT 2024","sensorid":"H-3-15","temperature":19.7,"humidity":50}
[main] INFO com.ibm.eventstreams.demos.mm2.ConsumerApplication - Topic: LH.ORDERS  /  Partition: 0  /  Offset: 1966  /  Timestamp: 2024-04-07 18:05:43  /  Data: {"id":"054194c6-901c-4d95-a93e-50f60ba51a41","customer":"Lazaro Daugherty","customerid":"df22bc29-aa05-449e-85c0-aac5918714d2","description":"M Jeggings Boyfriend Jeans","price":45.04,"quantity":9,"region":"SA","ordertime":"2024-04-07 18:05:43.369"}
[main] INFO com.ibm.eventstreams.demos.mm2.ConsumerApplication - Topic: LH.CUSTOMERS  /  Partition: 0  /  Offset: 1582  /  Timestamp: 2024-04-07 18:05:43  /  Data: {"customerid":"7c4e9296-4d0d-416b-8a04-85fba7b3461f","customername":"Stacey Toy","registered":"2024-04-07 18:05:43.369"}
[main] INFO com.ibm.eventstreams.demos.mm2.ConsumerApplication - Topic: LH.DOORS  /  Partition: 0  /  Offset: 4736  /  Timestamp: 2024-04-07 18:05:43  /  Data: {"recordid":"d848cd9e-522f-4974-a26f-448c0ec4a553","door":"H-3-22","employee":"johnathon.deckow","badgetime":"2024-04-07 18:03:48.373"}
[main] INFO com.ibm.eventstreams.demos.mm2.ConsumerApplication - Topic: LH.SENSORS  /  Partition: 1  /  Offset: 2399  /  Timestamp: 2024-04-07 18:05:43  /  Data: {"sensortime":"Sun Apr 07 18:01:51 GMT 2024","sensorid":"DE-2-30","temperature":20.1,"humidity":42}
[main] INFO com.ibm.eventstreams.demos.mm2.ConsumerApplication - Topic: LH.ORDERS  /  Partition: 1  /  Offset: 1893  /  Timestamp: 2024-04-07 18:05:53  /  Data: {"id":"129c0393-ef55-4180-94ed-3a615c54684d","customer":"Hobert Hilpert","customerid":"5b1a6705-274c-430b-b128-96e9a8101981","description":"S Stonewashed Mom Jeans","price":19.17,"quantity":5,"region":"SA","ordertime":"2024-04-07 18:05:53.370"}
[main] INFO com.ibm.eventstreams.demos.mm2.ConsumerApplication - Topic: LH.CUSTOMERS  /  Partition: 1  /  Offset: 1519  /  Timestamp: 2024-04-07 18:05:53  /  Data: {"customerid":"091669e7-40ac-4a3e-97ff-51e579e56aee","customername":"Mrs. Delmar Miller","registered":"2024-04-07 18:05:53.367"}
[main] INFO com.ibm.eventstreams.demos.mm2.ConsumerApplication - Topic: LH.DOORS  /  Partition: 0  /  Offset: 4737  /  Timestamp: 2024-04-07 18:05:53  /  Data: {"recordid":"1a3cea84-d03d-4c57-81ba-1ef12631041f","door":"H-0-36","employee":"angelo.nader","badgetime":"2024-04-07 18:05:33.373"}
[main] INFO com.ibm.eventstreams.demos.mm2.ConsumerApplication - Topic: LH.SENSORS  /  Partition: 1  /  Offset: 2400  /  Timestamp: 2024-04-07 18:05:53  /  Data: {"sensortime":"Sun Apr 07 18:02:26 GMT 2024","sensorid":"DE-1-12","temperature":21.8,"humidity":43}
[main] INFO com.ibm.eventstreams.demos.mm2.ConsumerApplication - Topic: LH.CUSTOMERS  /  Partition: 2  /  Offset: 1637  /  Timestamp: 2024-04-07 18:06:03  /  Data: {"customerid":"ca1f3c82-2aab-48c4-85f3-982882a89758","customername":"Kristle Von","registered":"2024-04-07 18:06:03.369"}
[main] INFO com.ibm.eventstreams.demos.mm2.ConsumerApplication - Topic: LH.ORDERS  /  Partition: 1  /  Offset: 1894  /  Timestamp: 2024-04-07 18:06:03  /  Data: {"id":"162e9af2-b59b-4217-9011-6f8243b6fe97","customer":"Mr. Walter Schulist","customerid":"c28eb3ca-6d4c-405f-bf36-5e1ae6abdb0e","description":"XS White Straight-leg Jeans","price":46.95,"quantity":9,"region":"SA","ordertime":"2024-04-07 18:06:03.369"}
[main] INFO com.ibm.eventstreams.demos.mm2.ConsumerApplication - Topic: LH.DOORS  /  Partition: 0  /  Offset: 4738  /  Timestamp: 2024-04-07 18:06:03  /  Data: {"recordid":"af86d8a2-b13c-485f-adb0-b288583cb13e","door":"G-1-20","employee":"katherine.feeney","badgetime":"2024-04-07 18:05:04.373"}
[main] INFO com.ibm.eventstreams.demos.mm2.ConsumerApplication - Topic: LH.SENSORS  /  Partition: 1  /  Offset: 2401  /  Timestamp: 2024-04-07 18:06:03  /  Data: {"sensortime":"Sun Apr 07 18:03:21 GMT 2024","sensorid":"DE-2-24","temperature":19.9,"humidity":47}
